{"/home/maxi/repos/ngx-jsonapi/src/ngx-jsonapi.spec.ts":{"path":"/home/maxi/repos/ngx-jsonapi/src/ngx-jsonapi.spec.ts","statementMap":{"0":{"start":{"line":2,"column":0},"end":{"line":2,"column":62}},"1":{"start":{"line":3,"column":9},"end":{"line":3,"column":21}},"2":{"start":{"line":4,"column":9},"end":{"line":4,"column":21}},"3":{"start":{"line":10,"column":0},"end":{"line":19,"column":3}},"4":{"start":{"line":11,"column":4},"end":{"line":13,"column":7}},"5":{"start":{"line":12,"column":8},"end":{"line":12,"column":50}},"6":{"start":{"line":14,"column":4},"end":{"line":18,"column":7}},"7":{"start":{"line":15,"column":8},"end":{"line":17,"column":101}},"8":{"start":{"line":16,"column":12},"end":{"line":16,"column":110}}},"fnMap":{"0":{"name":"(anonymous_0)","decl":{"start":{"line":10,"column":31},"end":{"line":10,"column":32}},"loc":{"start":{"line":10,"column":43},"end":{"line":19,"column":1}},"line":10},"1":{"name":"(anonymous_1)","decl":{"start":{"line":11,"column":22},"end":{"line":11,"column":23}},"loc":{"start":{"line":11,"column":34},"end":{"line":13,"column":5}},"line":11},"2":{"name":"(anonymous_2)","decl":{"start":{"line":14,"column":58},"end":{"line":14,"column":59}},"loc":{"start":{"line":14,"column":70},"end":{"line":18,"column":5}},"line":14},"3":{"name":"(anonymous_3)","decl":{"start":{"line":15,"column":15},"end":{"line":15,"column":16}},"loc":{"start":{"line":15,"column":27},"end":{"line":17,"column":9}},"line":15}},"branchMap":{},"s":{"0":1,"1":1,"2":1,"3":1,"4":1,"5":1,"6":1,"7":1,"8":1},"f":{"0":1,"1":1,"2":1,"3":1},"b":{},"_coverageSchema":"332fd63041d2c1bcb487cc26dd0d5f7d97098a6c","hash":"1fe7af5b1d6339ffa87d180c049518569b1818cd","contentHash":"b379b1927ac7c2216922211e4baf58cc_10.3.2"},"/home/maxi/repos/ngx-jsonapi/src/index.ts":{"path":"/home/maxi/repos/ngx-jsonapi/src/index.ts","statementMap":{"0":{"start":{"line":8,"column":4},"end":{"line":8,"column":71}},"1":{"start":{"line":8,"column":21},"end":{"line":8,"column":71}},"2":{"start":{"line":8,"column":53},"end":{"line":8,"column":71}},"3":{"start":{"line":10,"column":0},"end":{"line":10,"column":62}},"4":{"start":{"line":11,"column":0},"end":{"line":11,"column":34}}},"fnMap":{"0":{"name":"__export","decl":{"start":{"line":7,"column":9},"end":{"line":7,"column":17}},"loc":{"start":{"line":7,"column":21},"end":{"line":9,"column":1}},"line":7}},"branchMap":{"0":{"loc":{"start":{"line":8,"column":21},"end":{"line":8,"column":71}},"type":"if","locations":[{"start":{"line":8,"column":21},"end":{"line":8,"column":71}},{"start":{"line":8,"column":21},"end":{"line":8,"column":71}}],"line":8}},"s":{"0":1,"1":5,"2":5,"3":1,"4":1},"f":{"0":1},"b":{"0":[5,0]},"_coverageSchema":"332fd63041d2c1bcb487cc26dd0d5f7d97098a6c","hash":"74261757917516cb627ef251df895d69c9cfb5ab","contentHash":"962f1342174ba86b952217a3293dc8cb_10.3.2"},"/home/maxi/repos/ngx-jsonapi/src/public_api.ts":{"path":"/home/maxi/repos/ngx-jsonapi/src/public_api.ts","statementMap":{"0":{"start":{"line":3,"column":4},"end":{"line":3,"column":71}},"1":{"start":{"line":3,"column":21},"end":{"line":3,"column":71}},"2":{"start":{"line":3,"column":53},"end":{"line":3,"column":71}},"3":{"start":{"line":5,"column":0},"end":{"line":5,"column":62}},"4":{"start":{"line":6,"column":0},"end":{"line":6,"column":42}},"5":{"start":{"line":7,"column":21},"end":{"line":7,"column":57}},"6":{"start":{"line":8,"column":0},"end":{"line":8,"column":51}},"7":{"start":{"line":9,"column":13},"end":{"line":9,"column":30}},"8":{"start":{"line":10,"column":0},"end":{"line":10,"column":34}},"9":{"start":{"line":11,"column":17},"end":{"line":11,"column":38}},"10":{"start":{"line":12,"column":0},"end":{"line":12,"column":39}},"11":{"start":{"line":13,"column":16},"end":{"line":13,"column":36}},"12":{"start":{"line":14,"column":0},"end":{"line":14,"column":36}}},"fnMap":{"0":{"name":"__export","decl":{"start":{"line":2,"column":9},"end":{"line":2,"column":17}},"loc":{"start":{"line":2,"column":21},"end":{"line":4,"column":1}},"line":2}},"branchMap":{"0":{"loc":{"start":{"line":3,"column":21},"end":{"line":3,"column":71}},"type":"if","locations":[{"start":{"line":3,"column":21},"end":{"line":3,"column":71}},{"start":{"line":3,"column":21},"end":{"line":3,"column":71}}],"line":3}},"s":{"0":1,"1":1,"2":1,"3":1,"4":1,"5":1,"6":1,"7":1,"8":1,"9":1,"10":1,"11":1,"12":1},"f":{"0":1},"b":{"0":[1,0]},"_coverageSchema":"332fd63041d2c1bcb487cc26dd0d5f7d97098a6c","hash":"dd88f58caec870e69e6be23fdf7f2a4f0fee1ed9","contentHash":"9e83c7718efdd601fd638ea05776c9a7_10.3.2"},"/home/maxi/repos/ngx-jsonapi/src/ngx-jsonapi.module.ts":{"path":"/home/maxi/repos/ngx-jsonapi/src/ngx-jsonapi.module.ts","statementMap":{"0":{"start":{"line":2,"column":17},"end":{"line":7,"column":1}},"1":{"start":{"line":3,"column":12},"end":{"line":3,"column":28}},"2":{"start":{"line":3,"column":34},"end":{"line":3,"column":125}},"3":{"start":{"line":4,"column":4},"end":{"line":5,"column":150}},"4":{"start":{"line":4,"column":79},"end":{"line":4,"column":131}},"5":{"start":{"line":5,"column":9},"end":{"line":5,"column":150}},"6":{"start":{"line":5,"column":58},"end":{"line":5,"column":150}},"7":{"start":{"line":5,"column":81},"end":{"line":5,"column":150}},"8":{"start":{"line":6,"column":4},"end":{"line":6,"column":66}},"9":{"start":{"line":8,"column":17},"end":{"line":10,"column":1}},"10":{"start":{"line":9,"column":4},"end":{"line":9,"column":109}},"11":{"start":{"line":9,"column":79},"end":{"line":9,"column":109}},"12":{"start":{"line":11,"column":14},"end":{"line":13,"column":1}},"13":{"start":{"line":12,"column":4},"end":{"line":12,"column":73}},"14":{"start":{"line":12,"column":36},"end":{"line":12,"column":71}},"15":{"start":{"line":14,"column":0},"end":{"line":14,"column":62}},"16":{"start":{"line":15,"column":13},"end":{"line":15,"column":37}},"17":{"start":{"line":16,"column":15},"end":{"line":16,"column":41}},"18":{"start":{"line":18,"column":13},"end":{"line":18,"column":44}},"19":{"start":{"line":19,"column":13},"end":{"line":19,"column":30}},"20":{"start":{"line":20,"column":21},"end":{"line":20,"column":54}},"21":{"start":{"line":21,"column":22},"end":{"line":21,"column":56}},"22":{"start":{"line":22,"column":38},"end":{"line":22,"column":89}},"23":{"start":{"line":24,"column":23},"end":{"line":24,"column":50}},"24":{"start":{"line":25,"column":24},"end":{"line":62,"column":3}},"25":{"start":{"line":27,"column":8},"end":{"line":29,"column":9}},"26":{"start":{"line":28,"column":12},"end":{"line":28,"column":99}},"27":{"start":{"line":31,"column":4},"end":{"line":31,"column":42}},"28":{"start":{"line":32,"column":4},"end":{"line":39,"column":6}},"29":{"start":{"line":33,"column":8},"end":{"line":38,"column":10}},"30":{"start":{"line":40,"column":4},"end":{"line":59,"column":25}},"31":{"start":{"line":60,"column":4},"end":{"line":60,"column":28}},"32":{"start":{"line":63,"column":0},"end":{"line":63,"column":44}}},"fnMap":{"0":{"name":"(anonymous_0)","decl":{"start":{"line":2,"column":46},"end":{"line":2,"column":47}},"loc":{"start":{"line":2,"column":87},"end":{"line":7,"column":1}},"line":2},"1":{"name":"(anonymous_1)","decl":{"start":{"line":8,"column":46},"end":{"line":8,"column":47}},"loc":{"start":{"line":8,"column":62},"end":{"line":10,"column":1}},"line":8},"2":{"name":"(anonymous_2)","decl":{"start":{"line":11,"column":40},"end":{"line":11,"column":41}},"loc":{"start":{"line":11,"column":73},"end":{"line":13,"column":1}},"line":11},"3":{"name":"(anonymous_3)","decl":{"start":{"line":12,"column":11},"end":{"line":12,"column":12}},"loc":{"start":{"line":12,"column":34},"end":{"line":12,"column":73}},"line":12},"4":{"name":"(anonymous_4)","decl":{"start":{"line":25,"column":24},"end":{"line":25,"column":25}},"loc":{"start":{"line":25,"column":36},"end":{"line":62,"column":1}},"line":25},"5":{"name":"NgxJsonapiModule","decl":{"start":{"line":26,"column":13},"end":{"line":26,"column":29}},"loc":{"start":{"line":26,"column":57},"end":{"line":30,"column":5}},"line":26},"6":{"name":"(anonymous_6)","decl":{"start":{"line":32,"column":31},"end":{"line":32,"column":32}},"loc":{"start":{"line":32,"column":49},"end":{"line":39,"column":5}},"line":32}},"branchMap":{"0":{"loc":{"start":{"line":2,"column":17},"end":{"line":7,"column":1}},"type":"binary-expr","locations":[{"start":{"line":2,"column":18},"end":{"line":2,"column":22}},{"start":{"line":2,"column":26},"end":{"line":2,"column":41}},{"start":{"line":2,"column":46},"end":{"line":7,"column":1}}],"line":2},"1":{"loc":{"start":{"line":3,"column":34},"end":{"line":3,"column":125}},"type":"cond-expr","locations":[{"start":{"line":3,"column":42},"end":{"line":3,"column":48}},{"start":{"line":3,"column":51},"end":{"line":3,"column":125}}],"line":3},"2":{"loc":{"start":{"line":3,"column":51},"end":{"line":3,"column":125}},"type":"cond-expr","locations":[{"start":{"line":3,"column":67},"end":{"line":3,"column":118}},{"start":{"line":3,"column":121},"end":{"line":3,"column":125}}],"line":3},"3":{"loc":{"start":{"line":4,"column":4},"end":{"line":5,"column":150}},"type":"if","locations":[{"start":{"line":4,"column":4},"end":{"line":5,"column":150}},{"start":{"line":4,"column":4},"end":{"line":5,"column":150}}],"line":4},"4":{"loc":{"start":{"line":4,"column":8},"end":{"line":4,"column":77}},"type":"binary-expr","locations":[{"start":{"line":4,"column":8},"end":{"line":4,"column":35}},{"start":{"line":4,"column":39},"end":{"line":4,"column":77}}],"line":4},"5":{"loc":{"start":{"line":5,"column":58},"end":{"line":5,"column":150}},"type":"if","locations":[{"start":{"line":5,"column":58},"end":{"line":5,"column":150}},{"start":{"line":5,"column":58},"end":{"line":5,"column":150}}],"line":5},"6":{"loc":{"start":{"line":5,"column":85},"end":{"line":5,"column":149}},"type":"binary-expr","locations":[{"start":{"line":5,"column":86},"end":{"line":5,"column":143}},{"start":{"line":5,"column":148},"end":{"line":5,"column":149}}],"line":5},"7":{"loc":{"start":{"line":5,"column":86},"end":{"line":5,"column":143}},"type":"cond-expr","locations":[{"start":{"line":5,"column":94},"end":{"line":5,"column":98}},{"start":{"line":5,"column":101},"end":{"line":5,"column":143}}],"line":5},"8":{"loc":{"start":{"line":5,"column":101},"end":{"line":5,"column":143}},"type":"cond-expr","locations":[{"start":{"line":5,"column":109},"end":{"line":5,"column":126}},{"start":{"line":5,"column":129},"end":{"line":5,"column":143}}],"line":5},"9":{"loc":{"start":{"line":6,"column":11},"end":{"line":6,"column":62}},"type":"binary-expr","locations":[{"start":{"line":6,"column":11},"end":{"line":6,"column":16}},{"start":{"line":6,"column":20},"end":{"line":6,"column":21}},{"start":{"line":6,"column":25},"end":{"line":6,"column":62}}],"line":6},"10":{"loc":{"start":{"line":8,"column":17},"end":{"line":10,"column":1}},"type":"binary-expr","locations":[{"start":{"line":8,"column":18},"end":{"line":8,"column":22}},{"start":{"line":8,"column":26},"end":{"line":8,"column":41}},{"start":{"line":8,"column":46},"end":{"line":10,"column":1}}],"line":8},"11":{"loc":{"start":{"line":9,"column":4},"end":{"line":9,"column":109}},"type":"if","locations":[{"start":{"line":9,"column":4},"end":{"line":9,"column":109}},{"start":{"line":9,"column":4},"end":{"line":9,"column":109}}],"line":9},"12":{"loc":{"start":{"line":9,"column":8},"end":{"line":9,"column":77}},"type":"binary-expr","locations":[{"start":{"line":9,"column":8},"end":{"line":9,"column":35}},{"start":{"line":9,"column":39},"end":{"line":9,"column":77}}],"line":9},"13":{"loc":{"start":{"line":11,"column":14},"end":{"line":13,"column":1}},"type":"binary-expr","locations":[{"start":{"line":11,"column":15},"end":{"line":11,"column":19}},{"start":{"line":11,"column":23},"end":{"line":11,"column":35}},{"start":{"line":11,"column":40},"end":{"line":13,"column":1}}],"line":11},"14":{"loc":{"start":{"line":27,"column":8},"end":{"line":29,"column":9}},"type":"if","locations":[{"start":{"line":27,"column":8},"end":{"line":29,"column":9}},{"start":{"line":27,"column":8},"end":{"line":29,"column":9}}],"line":27}},"s":{"0":1,"1":1,"2":1,"3":1,"4":0,"5":1,"6":4,"7":4,"8":1,"9":1,"10":1,"11":1,"12":1,"13":2,"14":2,"15":1,"16":1,"17":1,"18":1,"19":1,"20":1,"21":1,"22":1,"23":1,"24":1,"25":1,"26":1,"27":1,"28":1,"29":0,"30":1,"31":1,"32":1},"f":{"0":1,"1":1,"2":2,"3":2,"4":1,"5":1,"6":0},"b":{"0":[1,1,1],"1":[1,0],"2":[0,0],"3":[0,1],"4":[1,1],"5":[4,0],"6":[4,3],"7":[4,0],"8":[0,0],"9":[1,0,0],"10":[1,1,1],"11":[1,0],"12":[1,1],"13":[1,1,1],"14":[1,0]},"_coverageSchema":"332fd63041d2c1bcb487cc26dd0d5f7d97098a6c","hash":"4dbc0bb249d9e20b3c5c0b7102b3281b005ef249","contentHash":"23b17a9493d92472c7241445a893e068_10.3.2"},"/home/maxi/repos/ngx-jsonapi/src/core.ts":{"path":"/home/maxi/repos/ngx-jsonapi/src/core.ts","statementMap":{"0":{"start":{"line":2,"column":15},"end":{"line":9,"column":1}},"1":{"start":{"line":3,"column":4},"end":{"line":7,"column":5}},"2":{"start":{"line":4,"column":8},"end":{"line":4,"column":25}},"3":{"start":{"line":5,"column":8},"end":{"line":6,"column":24}},"4":{"start":{"line":5,"column":25},"end":{"line":6,"column":24}},"5":{"start":{"line":6,"column":12},"end":{"line":6,"column":24}},"6":{"start":{"line":8,"column":4},"end":{"line":8,"column":13}},"7":{"start":{"line":10,"column":17},"end":{"line":15,"column":1}},"8":{"start":{"line":11,"column":12},"end":{"line":11,"column":28}},"9":{"start":{"line":11,"column":34},"end":{"line":11,"column":125}},"10":{"start":{"line":12,"column":4},"end":{"line":13,"column":150}},"11":{"start":{"line":12,"column":79},"end":{"line":12,"column":131}},"12":{"start":{"line":13,"column":9},"end":{"line":13,"column":150}},"13":{"start":{"line":13,"column":58},"end":{"line":13,"column":150}},"14":{"start":{"line":13,"column":81},"end":{"line":13,"column":150}},"15":{"start":{"line":14,"column":4},"end":{"line":14,"column":66}},"16":{"start":{"line":16,"column":17},"end":{"line":18,"column":1}},"17":{"start":{"line":17,"column":4},"end":{"line":17,"column":109}},"18":{"start":{"line":17,"column":79},"end":{"line":17,"column":109}},"19":{"start":{"line":19,"column":14},"end":{"line":21,"column":1}},"20":{"start":{"line":20,"column":4},"end":{"line":20,"column":73}},"21":{"start":{"line":20,"column":36},"end":{"line":20,"column":71}},"22":{"start":{"line":22,"column":0},"end":{"line":22,"column":62}},"23":{"start":{"line":23,"column":13},"end":{"line":23,"column":37}},"24":{"start":{"line":24,"column":13},"end":{"line":24,"column":38}},"25":{"start":{"line":25,"column":13},"end":{"line":25,"column":39}},"26":{"start":{"line":26,"column":23},"end":{"line":26,"column":50}},"27":{"start":{"line":27,"column":21},"end":{"line":27,"column":54}},"28":{"start":{"line":28,"column":22},"end":{"line":28,"column":56}},"29":{"start":{"line":29,"column":16},"end":{"line":29,"column":36}},"30":{"start":{"line":30,"column":12},"end":{"line":114,"column":3}},"31":{"start":{"line":32,"column":8},"end":{"line":32,"column":35}},"32":{"start":{"line":33,"column":8},"end":{"line":33,"column":33}},"33":{"start":{"line":34,"column":8},"end":{"line":34,"column":41}},"34":{"start":{"line":35,"column":8},"end":{"line":35,"column":40}},"35":{"start":{"line":36,"column":8},"end":{"line":36,"column":41}},"36":{"start":{"line":37,"column":8},"end":{"line":37,"column":43}},"37":{"start":{"line":38,"column":8},"end":{"line":38,"column":59}},"38":{"start":{"line":39,"column":8},"end":{"line":40,"column":94}},"39":{"start":{"line":40,"column":12},"end":{"line":40,"column":94}},"40":{"start":{"line":41,"column":8},"end":{"line":41,"column":25}},"41":{"start":{"line":42,"column":8},"end":{"line":46,"column":10}},"42":{"start":{"line":48,"column":4},"end":{"line":48,"column":18}},"43":{"start":{"line":49,"column":4},"end":{"line":55,"column":6}},"44":{"start":{"line":50,"column":8},"end":{"line":52,"column":9}},"45":{"start":{"line":51,"column":12},"end":{"line":51,"column":25}},"46":{"start":{"line":53,"column":8},"end":{"line":53,"column":50}},"47":{"start":{"line":54,"column":8},"end":{"line":54,"column":21}},"48":{"start":{"line":56,"column":4},"end":{"line":58,"column":6}},"49":{"start":{"line":57,"column":8},"end":{"line":57,"column":43}},"50":{"start":{"line":59,"column":4},"end":{"line":67,"column":6}},"51":{"start":{"line":60,"column":8},"end":{"line":60,"column":39}},"52":{"start":{"line":61,"column":8},"end":{"line":66,"column":9}},"53":{"start":{"line":62,"column":12},"end":{"line":62,"column":32}},"54":{"start":{"line":64,"column":13},"end":{"line":66,"column":9}},"55":{"start":{"line":65,"column":12},"end":{"line":65,"column":33}},"56":{"start":{"line":68,"column":4},"end":{"line":71,"column":6}},"57":{"start":{"line":69,"column":8},"end":{"line":69,"column":65}},"58":{"start":{"line":70,"column":8},"end":{"line":70,"column":20}},"59":{"start":{"line":73,"column":4},"end":{"line":104,"column":6}},"60":{"start":{"line":74,"column":20},"end":{"line":74,"column":24}},"61":{"start":{"line":75,"column":47},"end":{"line":75,"column":49}},"62":{"start":{"line":76,"column":8},"end":{"line":78,"column":9}},"63":{"start":{"line":77,"column":12},"end":{"line":77,"column":69}},"64":{"start":{"line":79,"column":26},"end":{"line":79,"column":70}},"65":{"start":{"line":80,"column":8},"end":{"line":80,"column":91}},"66":{"start":{"line":81,"column":8},"end":{"line":102,"column":11}},"67":{"start":{"line":82,"column":12},"end":{"line":101,"column":13}},"68":{"start":{"line":84,"column":16},"end":{"line":89,"column":17}},"69":{"start":{"line":85,"column":20},"end":{"line":85,"column":99}},"70":{"start":{"line":88,"column":20},"end":{"line":88,"column":74}},"71":{"start":{"line":93,"column":16},"end":{"line":100,"column":17}},"72":{"start":{"line":94,"column":20},"end":{"line":96,"column":23}},"73":{"start":{"line":95,"column":24},"end":{"line":95,"column":102}},"74":{"start":{"line":99,"column":20},"end":{"line":99,"column":75}},"75":{"start":{"line":103,"column":8},"end":{"line":103,"column":27}},"76":{"start":{"line":105,"column":4},"end":{"line":111,"column":13}},"77":{"start":{"line":112,"column":4},"end":{"line":112,"column":16}},"78":{"start":{"line":115,"column":0},"end":{"line":115,"column":20}}},"fnMap":{"0":{"name":"(anonymous_0)","decl":{"start":{"line":2,"column":59},"end":{"line":2,"column":60}},"loc":{"start":{"line":2,"column":71},"end":{"line":9,"column":1}},"line":2},"1":{"name":"(anonymous_1)","decl":{"start":{"line":10,"column":46},"end":{"line":10,"column":47}},"loc":{"start":{"line":10,"column":87},"end":{"line":15,"column":1}},"line":10},"2":{"name":"(anonymous_2)","decl":{"start":{"line":16,"column":46},"end":{"line":16,"column":47}},"loc":{"start":{"line":16,"column":62},"end":{"line":18,"column":1}},"line":16},"3":{"name":"(anonymous_3)","decl":{"start":{"line":19,"column":40},"end":{"line":19,"column":41}},"loc":{"start":{"line":19,"column":73},"end":{"line":21,"column":1}},"line":19},"4":{"name":"(anonymous_4)","decl":{"start":{"line":20,"column":11},"end":{"line":20,"column":12}},"loc":{"start":{"line":20,"column":34},"end":{"line":20,"column":73}},"line":20},"5":{"name":"(anonymous_5)","decl":{"start":{"line":30,"column":12},"end":{"line":30,"column":13}},"loc":{"start":{"line":30,"column":24},"end":{"line":114,"column":1}},"line":30},"6":{"name":"Core","decl":{"start":{"line":31,"column":13},"end":{"line":31,"column":17}},"loc":{"start":{"line":31,"column":65},"end":{"line":47,"column":5}},"line":31},"7":{"name":"(anonymous_7)","decl":{"start":{"line":49,"column":37},"end":{"line":49,"column":38}},"loc":{"start":{"line":49,"column":54},"end":{"line":55,"column":5}},"line":49},"8":{"name":"(anonymous_8)","decl":{"start":{"line":56,"column":40},"end":{"line":56,"column":41}},"loc":{"start":{"line":56,"column":56},"end":{"line":58,"column":5}},"line":56},"9":{"name":"(anonymous_9)","decl":{"start":{"line":59,"column":37},"end":{"line":59,"column":38}},"loc":{"start":{"line":59,"column":55},"end":{"line":67,"column":5}},"line":59},"10":{"name":"(anonymous_10)","decl":{"start":{"line":68,"column":32},"end":{"line":68,"column":33}},"loc":{"start":{"line":68,"column":44},"end":{"line":71,"column":5}},"line":68},"11":{"name":"(anonymous_11)","decl":{"start":{"line":73,"column":39},"end":{"line":73,"column":40}},"loc":{"start":{"line":73,"column":59},"end":{"line":104,"column":5}},"line":73},"12":{"name":"(anonymous_12)","decl":{"start":{"line":81,"column":50},"end":{"line":81,"column":51}},"loc":{"start":{"line":81,"column":81},"end":{"line":102,"column":9}},"line":81},"13":{"name":"(anonymous_13)","decl":{"start":{"line":94,"column":59},"end":{"line":94,"column":60}},"loc":{"start":{"line":94,"column":87},"end":{"line":96,"column":21}},"line":94}},"branchMap":{"0":{"loc":{"start":{"line":2,"column":15},"end":{"line":9,"column":1}},"type":"binary-expr","locations":[{"start":{"line":2,"column":16},"end":{"line":2,"column":20}},{"start":{"line":2,"column":24},"end":{"line":2,"column":37}},{"start":{"line":2,"column":42},"end":{"line":2,"column":55}},{"start":{"line":2,"column":59},"end":{"line":9,"column":1}}],"line":2},"1":{"loc":{"start":{"line":5,"column":25},"end":{"line":6,"column":24}},"type":"if","locations":[{"start":{"line":5,"column":25},"end":{"line":6,"column":24}},{"start":{"line":5,"column":25},"end":{"line":6,"column":24}}],"line":5},"2":{"loc":{"start":{"line":10,"column":17},"end":{"line":15,"column":1}},"type":"binary-expr","locations":[{"start":{"line":10,"column":18},"end":{"line":10,"column":22}},{"start":{"line":10,"column":26},"end":{"line":10,"column":41}},{"start":{"line":10,"column":46},"end":{"line":15,"column":1}}],"line":10},"3":{"loc":{"start":{"line":11,"column":34},"end":{"line":11,"column":125}},"type":"cond-expr","locations":[{"start":{"line":11,"column":42},"end":{"line":11,"column":48}},{"start":{"line":11,"column":51},"end":{"line":11,"column":125}}],"line":11},"4":{"loc":{"start":{"line":11,"column":51},"end":{"line":11,"column":125}},"type":"cond-expr","locations":[{"start":{"line":11,"column":67},"end":{"line":11,"column":118}},{"start":{"line":11,"column":121},"end":{"line":11,"column":125}}],"line":11},"5":{"loc":{"start":{"line":12,"column":4},"end":{"line":13,"column":150}},"type":"if","locations":[{"start":{"line":12,"column":4},"end":{"line":13,"column":150}},{"start":{"line":12,"column":4},"end":{"line":13,"column":150}}],"line":12},"6":{"loc":{"start":{"line":12,"column":8},"end":{"line":12,"column":77}},"type":"binary-expr","locations":[{"start":{"line":12,"column":8},"end":{"line":12,"column":35}},{"start":{"line":12,"column":39},"end":{"line":12,"column":77}}],"line":12},"7":{"loc":{"start":{"line":13,"column":58},"end":{"line":13,"column":150}},"type":"if","locations":[{"start":{"line":13,"column":58},"end":{"line":13,"column":150}},{"start":{"line":13,"column":58},"end":{"line":13,"column":150}}],"line":13},"8":{"loc":{"start":{"line":13,"column":85},"end":{"line":13,"column":149}},"type":"binary-expr","locations":[{"start":{"line":13,"column":86},"end":{"line":13,"column":143}},{"start":{"line":13,"column":148},"end":{"line":13,"column":149}}],"line":13},"9":{"loc":{"start":{"line":13,"column":86},"end":{"line":13,"column":143}},"type":"cond-expr","locations":[{"start":{"line":13,"column":94},"end":{"line":13,"column":98}},{"start":{"line":13,"column":101},"end":{"line":13,"column":143}}],"line":13},"10":{"loc":{"start":{"line":13,"column":101},"end":{"line":13,"column":143}},"type":"cond-expr","locations":[{"start":{"line":13,"column":109},"end":{"line":13,"column":126}},{"start":{"line":13,"column":129},"end":{"line":13,"column":143}}],"line":13},"11":{"loc":{"start":{"line":14,"column":11},"end":{"line":14,"column":62}},"type":"binary-expr","locations":[{"start":{"line":14,"column":11},"end":{"line":14,"column":16}},{"start":{"line":14,"column":20},"end":{"line":14,"column":21}},{"start":{"line":14,"column":25},"end":{"line":14,"column":62}}],"line":14},"12":{"loc":{"start":{"line":16,"column":17},"end":{"line":18,"column":1}},"type":"binary-expr","locations":[{"start":{"line":16,"column":18},"end":{"line":16,"column":22}},{"start":{"line":16,"column":26},"end":{"line":16,"column":41}},{"start":{"line":16,"column":46},"end":{"line":18,"column":1}}],"line":16},"13":{"loc":{"start":{"line":17,"column":4},"end":{"line":17,"column":109}},"type":"if","locations":[{"start":{"line":17,"column":4},"end":{"line":17,"column":109}},{"start":{"line":17,"column":4},"end":{"line":17,"column":109}}],"line":17},"14":{"loc":{"start":{"line":17,"column":8},"end":{"line":17,"column":77}},"type":"binary-expr","locations":[{"start":{"line":17,"column":8},"end":{"line":17,"column":35}},{"start":{"line":17,"column":39},"end":{"line":17,"column":77}}],"line":17},"15":{"loc":{"start":{"line":19,"column":14},"end":{"line":21,"column":1}},"type":"binary-expr","locations":[{"start":{"line":19,"column":15},"end":{"line":19,"column":19}},{"start":{"line":19,"column":23},"end":{"line":19,"column":35}},{"start":{"line":19,"column":40},"end":{"line":21,"column":1}}],"line":19},"16":{"loc":{"start":{"line":40,"column":30},"end":{"line":40,"column":92}},"type":"cond-expr","locations":[{"start":{"line":40,"column":61},"end":{"line":40,"column":75}},{"start":{"line":40,"column":78},"end":{"line":40,"column":92}}],"line":40},"17":{"loc":{"start":{"line":50,"column":8},"end":{"line":52,"column":9}},"type":"if","locations":[{"start":{"line":50,"column":8},"end":{"line":52,"column":9}},{"start":{"line":50,"column":8},"end":{"line":52,"column":9}}],"line":50},"18":{"loc":{"start":{"line":61,"column":8},"end":{"line":66,"column":9}},"type":"if","locations":[{"start":{"line":61,"column":8},"end":{"line":66,"column":9}},{"start":{"line":61,"column":8},"end":{"line":66,"column":9}}],"line":61},"19":{"loc":{"start":{"line":64,"column":13},"end":{"line":66,"column":9}},"type":"if","locations":[{"start":{"line":64,"column":13},"end":{"line":66,"column":9}},{"start":{"line":64,"column":13},"end":{"line":66,"column":9}}],"line":64},"20":{"loc":{"start":{"line":82,"column":12},"end":{"line":101,"column":13}},"type":"if","locations":[{"start":{"line":82,"column":12},"end":{"line":101,"column":13}},{"start":{"line":82,"column":12},"end":{"line":101,"column":13}}],"line":82},"21":{"loc":{"start":{"line":84,"column":16},"end":{"line":89,"column":17}},"type":"if","locations":[{"start":{"line":84,"column":16},"end":{"line":89,"column":17}},{"start":{"line":84,"column":16},"end":{"line":89,"column":17}}],"line":84},"22":{"loc":{"start":{"line":93,"column":16},"end":{"line":100,"column":17}},"type":"if","locations":[{"start":{"line":93,"column":16},"end":{"line":100,"column":17}},{"start":{"line":93,"column":16},"end":{"line":100,"column":17}}],"line":93}},"s":{"0":1,"1":0,"2":0,"3":0,"4":0,"5":0,"6":0,"7":1,"8":1,"9":1,"10":1,"11":0,"12":1,"13":3,"14":3,"15":1,"16":1,"17":1,"18":1,"19":1,"20":1,"21":1,"22":1,"23":1,"24":1,"25":1,"26":1,"27":1,"28":1,"29":1,"30":1,"31":1,"32":1,"33":1,"34":1,"35":1,"36":1,"37":1,"38":1,"39":6,"40":1,"41":1,"42":1,"43":1,"44":0,"45":0,"46":0,"47":0,"48":1,"49":0,"50":1,"51":0,"52":0,"53":0,"54":0,"55":0,"56":1,"57":0,"58":0,"59":1,"60":0,"61":0,"62":0,"63":0,"64":0,"65":0,"66":0,"67":0,"68":0,"69":0,"70":0,"71":0,"72":0,"73":0,"74":0,"75":0,"76":1,"77":1,"78":1},"f":{"0":0,"1":1,"2":1,"3":1,"4":1,"5":1,"6":1,"7":0,"8":0,"9":0,"10":0,"11":0,"12":0,"13":0},"b":{"0":[1,1,1,0],"1":[0,0],"2":[1,1,1],"3":[1,0],"4":[0,0],"5":[0,1],"6":[1,1],"7":[3,0],"8":[3,2],"9":[3,0],"10":[0,0],"11":[1,0,0],"12":[1,1,1],"13":[1,0],"14":[1,1],"15":[1,1,1],"16":[6,0],"17":[0,0],"18":[0,0],"19":[0,0],"20":[0,0],"21":[0,0],"22":[0,0]},"_coverageSchema":"332fd63041d2c1bcb487cc26dd0d5f7d97098a6c","hash":"26161fdbbd24af0b6e4684a04891b624e34e93a9","contentHash":"52cf7d7623f8bcac9093898fa6c0c924_10.3.2"},"/home/maxi/repos/ngx-jsonapi/src/services/base.ts":{"path":"/home/maxi/repos/ngx-jsonapi/src/services/base.ts","statementMap":{"0":{"start":{"line":2,"column":0},"end":{"line":2,"column":62}},"1":{"start":{"line":3,"column":13},"end":{"line":3,"column":30}},"2":{"start":{"line":4,"column":12},"end":{"line":55,"column":3}},"3":{"start":{"line":7,"column":4},"end":{"line":37,"column":6}},"4":{"start":{"line":8,"column":8},"end":{"line":36,"column":11}},"5":{"start":{"line":11,"column":20},"end":{"line":11,"column":56}},"6":{"start":{"line":17,"column":32},"end":{"line":17,"column":36}},"7":{"start":{"line":18,"column":20},"end":{"line":20,"column":23}},"8":{"start":{"line":19,"column":24},"end":{"line":19,"column":42}},"9":{"start":{"line":38,"column":4},"end":{"line":40,"column":6}},"10":{"start":{"line":39,"column":8},"end":{"line":39,"column":70}},"11":{"start":{"line":41,"column":4},"end":{"line":45,"column":6}},"12":{"start":{"line":42,"column":8},"end":{"line":44,"column":11}},"13":{"start":{"line":43,"column":12},"end":{"line":43,"column":37}},"14":{"start":{"line":46,"column":4},"end":{"line":49,"column":6}},"15":{"start":{"line":50,"column":4},"end":{"line":53,"column":6}},"16":{"start":{"line":54,"column":4},"end":{"line":54,"column":16}},"17":{"start":{"line":56,"column":0},"end":{"line":56,"column":20}}},"fnMap":{"0":{"name":"(anonymous_0)","decl":{"start":{"line":4,"column":12},"end":{"line":4,"column":13}},"loc":{"start":{"line":4,"column":24},"end":{"line":55,"column":1}},"line":4},"1":{"name":"Base","decl":{"start":{"line":5,"column":13},"end":{"line":5,"column":17}},"loc":{"start":{"line":5,"column":20},"end":{"line":6,"column":5}},"line":5},"2":{"name":"(anonymous_2)","decl":{"start":{"line":7,"column":25},"end":{"line":7,"column":26}},"loc":{"start":{"line":7,"column":37},"end":{"line":37,"column":5}},"line":7},"3":{"name":"(anonymous_3)","decl":{"start":{"line":10,"column":21},"end":{"line":10,"column":22}},"loc":{"start":{"line":10,"column":33},"end":{"line":12,"column":17}},"line":10},"4":{"name":"(anonymous_4)","decl":{"start":{"line":16,"column":21},"end":{"line":16,"column":22}},"loc":{"start":{"line":16,"column":33},"end":{"line":21,"column":17}},"line":16},"5":{"name":"(anonymous_5)","decl":{"start":{"line":18,"column":49},"end":{"line":18,"column":50}},"loc":{"start":{"line":18,"column":64},"end":{"line":20,"column":21}},"line":18},"6":{"name":"(anonymous_6)","decl":{"start":{"line":38,"column":24},"end":{"line":38,"column":25}},"loc":{"start":{"line":38,"column":52},"end":{"line":40,"column":5}},"line":38},"7":{"name":"(anonymous_7)","decl":{"start":{"line":41,"column":19},"end":{"line":41,"column":20}},"loc":{"start":{"line":41,"column":45},"end":{"line":45,"column":5}},"line":41},"8":{"name":"(anonymous_8)","decl":{"start":{"line":42,"column":40},"end":{"line":42,"column":41}},"loc":{"start":{"line":42,"column":55},"end":{"line":44,"column":9}},"line":42}},"branchMap":{"0":{"loc":{"start":{"line":39,"column":16},"end":{"line":39,"column":68}},"type":"binary-expr","locations":[{"start":{"line":39,"column":16},"end":{"line":39,"column":24}},{"start":{"line":39,"column":28},"end":{"line":39,"column":68}}],"line":39}},"s":{"0":1,"1":1,"2":1,"3":1,"4":0,"5":0,"6":0,"7":0,"8":0,"9":1,"10":0,"11":1,"12":0,"13":0,"14":1,"15":1,"16":1,"17":1},"f":{"0":1,"1":0,"2":0,"3":0,"4":0,"5":0,"6":0,"7":0,"8":0},"b":{"0":[0,0]},"_coverageSchema":"332fd63041d2c1bcb487cc26dd0d5f7d97098a6c","hash":"4f150702995581cde0527044522957fae2644aa1","contentHash":"e751c9e5600f144b93f54cf39c20217c_10.3.2"},"/home/maxi/repos/ngx-jsonapi/src/services/page.ts":{"path":"/home/maxi/repos/ngx-jsonapi/src/services/page.ts","statementMap":{"0":{"start":{"line":2,"column":0},"end":{"line":2,"column":62}},"1":{"start":{"line":3,"column":12},"end":{"line":10,"column":3}},"2":{"start":{"line":5,"column":8},"end":{"line":5,"column":24}},"3":{"start":{"line":6,"column":8},"end":{"line":6,"column":33}},"4":{"start":{"line":7,"column":8},"end":{"line":7,"column":36}},"5":{"start":{"line":9,"column":4},"end":{"line":9,"column":16}},"6":{"start":{"line":11,"column":0},"end":{"line":11,"column":20}}},"fnMap":{"0":{"name":"(anonymous_0)","decl":{"start":{"line":3,"column":12},"end":{"line":3,"column":13}},"loc":{"start":{"line":3,"column":24},"end":{"line":10,"column":1}},"line":3},"1":{"name":"Page","decl":{"start":{"line":4,"column":13},"end":{"line":4,"column":17}},"loc":{"start":{"line":4,"column":20},"end":{"line":8,"column":5}},"line":4}},"branchMap":{},"s":{"0":1,"1":1,"2":0,"3":0,"4":0,"5":1,"6":1},"f":{"0":1,"1":0},"b":{},"_coverageSchema":"332fd63041d2c1bcb487cc26dd0d5f7d97098a6c","hash":"de13a0b0fa1b71e5828b85af81092d71647f7772","contentHash":"b01dabef9acfb9e79aefbc1343118f6f_10.3.2"},"/home/maxi/repos/ngx-jsonapi/src/jsonapi-config.ts":{"path":"/home/maxi/repos/ngx-jsonapi/src/jsonapi-config.ts","statementMap":{"0":{"start":{"line":2,"column":0},"end":{"line":2,"column":62}},"1":{"start":{"line":3,"column":21},"end":{"line":18,"column":3}},"2":{"start":{"line":5,"column":8},"end":{"line":5,"column":47}},"3":{"start":{"line":6,"column":8},"end":{"line":6,"column":36}},"4":{"start":{"line":7,"column":8},"end":{"line":7,"column":38}},"5":{"start":{"line":8,"column":8},"end":{"line":8,"column":38}},"6":{"start":{"line":9,"column":8},"end":{"line":9,"column":39}},"7":{"start":{"line":10,"column":8},"end":{"line":15,"column":10}},"8":{"start":{"line":17,"column":4},"end":{"line":17,"column":25}},"9":{"start":{"line":19,"column":0},"end":{"line":19,"column":38}}},"fnMap":{"0":{"name":"(anonymous_0)","decl":{"start":{"line":3,"column":21},"end":{"line":3,"column":22}},"loc":{"start":{"line":3,"column":33},"end":{"line":18,"column":1}},"line":3},"1":{"name":"JsonapiConfig","decl":{"start":{"line":4,"column":13},"end":{"line":4,"column":26}},"loc":{"start":{"line":4,"column":29},"end":{"line":16,"column":5}},"line":4}},"branchMap":{},"s":{"0":1,"1":1,"2":1,"3":1,"4":1,"5":1,"6":1,"7":1,"8":1,"9":1},"f":{"0":1,"1":1},"b":{},"_coverageSchema":"332fd63041d2c1bcb487cc26dd0d5f7d97098a6c","hash":"fa2d7980239dd2aec9b12864e030dd0ad95bf983","contentHash":"ce9445fb01662a14a33850a036d40caa_10.3.2"},"/home/maxi/repos/ngx-jsonapi/src/sources/http.service.ts":{"path":"/home/maxi/repos/ngx-jsonapi/src/sources/http.service.ts","statementMap":{"0":{"start":{"line":2,"column":17},"end":{"line":7,"column":1}},"1":{"start":{"line":3,"column":12},"end":{"line":3,"column":28}},"2":{"start":{"line":3,"column":34},"end":{"line":3,"column":125}},"3":{"start":{"line":4,"column":4},"end":{"line":5,"column":150}},"4":{"start":{"line":4,"column":79},"end":{"line":4,"column":131}},"5":{"start":{"line":5,"column":9},"end":{"line":5,"column":150}},"6":{"start":{"line":5,"column":58},"end":{"line":5,"column":150}},"7":{"start":{"line":5,"column":81},"end":{"line":5,"column":150}},"8":{"start":{"line":6,"column":4},"end":{"line":6,"column":66}},"9":{"start":{"line":8,"column":17},"end":{"line":10,"column":1}},"10":{"start":{"line":9,"column":4},"end":{"line":9,"column":109}},"11":{"start":{"line":9,"column":79},"end":{"line":9,"column":109}},"12":{"start":{"line":11,"column":16},"end":{"line":18,"column":1}},"13":{"start":{"line":12,"column":4},"end":{"line":17,"column":7}},"14":{"start":{"line":13,"column":36},"end":{"line":13,"column":97}},"15":{"start":{"line":13,"column":42},"end":{"line":13,"column":70}},"16":{"start":{"line":13,"column":85},"end":{"line":13,"column":95}},"17":{"start":{"line":14,"column":35},"end":{"line":14,"column":100}},"18":{"start":{"line":14,"column":41},"end":{"line":14,"column":73}},"19":{"start":{"line":14,"column":88},"end":{"line":14,"column":98}},"20":{"start":{"line":15,"column":32},"end":{"line":15,"column":149}},"21":{"start":{"line":15,"column":97},"end":{"line":15,"column":119}},"22":{"start":{"line":16,"column":8},"end":{"line":16,"column":78}},"23":{"start":{"line":19,"column":18},"end":{"line":45,"column":1}},"24":{"start":{"line":20,"column":12},"end":{"line":20,"column":104}},"25":{"start":{"line":20,"column":43},"end":{"line":20,"column":68}},"26":{"start":{"line":20,"column":57},"end":{"line":20,"column":68}},"27":{"start":{"line":20,"column":69},"end":{"line":20,"column":81}},"28":{"start":{"line":21,"column":4},"end":{"line":21,"column":157}},"29":{"start":{"line":21,"column":138},"end":{"line":21,"column":150}},"30":{"start":{"line":22,"column":23},"end":{"line":22,"column":68}},"31":{"start":{"line":22,"column":45},"end":{"line":22,"column":65}},"32":{"start":{"line":24,"column":8},"end":{"line":24,"column":70}},"33":{"start":{"line":24,"column":15},"end":{"line":24,"column":70}},"34":{"start":{"line":25,"column":8},"end":{"line":42,"column":66}},"35":{"start":{"line":25,"column":18},"end":{"line":42,"column":66}},"36":{"start":{"line":26,"column":12},"end":{"line":26,"column":127}},"37":{"start":{"line":26,"column":118},"end":{"line":26,"column":127}},"38":{"start":{"line":27,"column":12},"end":{"line":27,"column":44}},"39":{"start":{"line":27,"column":26},"end":{"line":27,"column":44}},"40":{"start":{"line":28,"column":12},"end":{"line":40,"column":13}},"41":{"start":{"line":29,"column":32},"end":{"line":29,"column":39}},"42":{"start":{"line":29,"column":40},"end":{"line":29,"column":46}},"43":{"start":{"line":30,"column":24},"end":{"line":30,"column":34}},"44":{"start":{"line":30,"column":35},"end":{"line":30,"column":72}},"45":{"start":{"line":31,"column":24},"end":{"line":31,"column":34}},"46":{"start":{"line":31,"column":35},"end":{"line":31,"column":45}},"47":{"start":{"line":31,"column":46},"end":{"line":31,"column":55}},"48":{"start":{"line":31,"column":56},"end":{"line":31,"column":65}},"49":{"start":{"line":32,"column":24},"end":{"line":32,"column":41}},"50":{"start":{"line":32,"column":42},"end":{"line":32,"column":55}},"51":{"start":{"line":32,"column":56},"end":{"line":32,"column":65}},"52":{"start":{"line":34,"column":20},"end":{"line":34,"column":128}},"53":{"start":{"line":34,"column":110},"end":{"line":34,"column":116}},"54":{"start":{"line":34,"column":117},"end":{"line":34,"column":126}},"55":{"start":{"line":35,"column":20},"end":{"line":35,"column":106}},"56":{"start":{"line":35,"column":81},"end":{"line":35,"column":97}},"57":{"start":{"line":35,"column":98},"end":{"line":35,"column":104}},"58":{"start":{"line":36,"column":20},"end":{"line":36,"column":89}},"59":{"start":{"line":36,"column":57},"end":{"line":36,"column":72}},"60":{"start":{"line":36,"column":73},"end":{"line":36,"column":80}},"61":{"start":{"line":36,"column":81},"end":{"line":36,"column":87}},"62":{"start":{"line":37,"column":20},"end":{"line":37,"column":87}},"63":{"start":{"line":37,"column":47},"end":{"line":37,"column":62}},"64":{"start":{"line":37,"column":63},"end":{"line":37,"column":78}},"65":{"start":{"line":37,"column":79},"end":{"line":37,"column":85}},"66":{"start":{"line":38,"column":20},"end":{"line":38,"column":42}},"67":{"start":{"line":38,"column":30},"end":{"line":38,"column":42}},"68":{"start":{"line":39,"column":20},"end":{"line":39,"column":33}},"69":{"start":{"line":39,"column":34},"end":{"line":39,"column":43}},"70":{"start":{"line":41,"column":12},"end":{"line":41,"column":39}},"71":{"start":{"line":42,"column":22},"end":{"line":42,"column":34}},"72":{"start":{"line":42,"column":35},"end":{"line":42,"column":41}},"73":{"start":{"line":42,"column":54},"end":{"line":42,"column":64}},"74":{"start":{"line":43,"column":8},"end":{"line":43,"column":35}},"75":{"start":{"line":43,"column":23},"end":{"line":43,"column":35}},"76":{"start":{"line":43,"column":36},"end":{"line":43,"column":89}},"77":{"start":{"line":46,"column":0},"end":{"line":46,"column":62}},"78":{"start":{"line":47,"column":17},"end":{"line":47,"column":46}},"79":{"start":{"line":48,"column":13},"end":{"line":48,"column":37}},"80":{"start":{"line":49,"column":38},"end":{"line":49,"column":90}},"81":{"start":{"line":50,"column":13},"end":{"line":50,"column":31}},"82":{"start":{"line":51,"column":13},"end":{"line":51,"column":44}},"83":{"start":{"line":52,"column":23},"end":{"line":52,"column":51}},"84":{"start":{"line":53,"column":0},"end":{"line":53,"column":39}},"85":{"start":{"line":54,"column":0},"end":{"line":54,"column":33}},"86":{"start":{"line":55,"column":12},"end":{"line":142,"column":3}},"87":{"start":{"line":61,"column":8},"end":{"line":61,"column":25}},"88":{"start":{"line":62,"column":8},"end":{"line":62,"column":47}},"89":{"start":{"line":63,"column":8},"end":{"line":63,"column":73}},"90":{"start":{"line":65,"column":4},"end":{"line":71,"column":6}},"91":{"start":{"line":66,"column":8},"end":{"line":70,"column":11}},"92":{"start":{"line":67,"column":12},"end":{"line":69,"column":15}},"93":{"start":{"line":68,"column":16},"end":{"line":68,"column":65}},"94":{"start":{"line":72,"column":4},"end":{"line":78,"column":6}},"95":{"start":{"line":73,"column":8},"end":{"line":77,"column":11}},"96":{"start":{"line":74,"column":12},"end":{"line":76,"column":15}},"97":{"start":{"line":75,"column":16},"end":{"line":75,"column":62}},"98":{"start":{"line":79,"column":4},"end":{"line":133,"column":6}},"99":{"start":{"line":80,"column":8},"end":{"line":80,"column":75}},"100":{"start":{"line":80,"column":46},"end":{"line":80,"column":73}},"101":{"start":{"line":81,"column":8},"end":{"line":132,"column":11}},"102":{"start":{"line":83,"column":12},"end":{"line":131,"column":15}},"103":{"start":{"line":84,"column":16},"end":{"line":84,"column":39}},"104":{"start":{"line":86,"column":16},"end":{"line":101,"column":17}},"105":{"start":{"line":88,"column":20},"end":{"line":93,"column":23}},"106":{"start":{"line":94,"column":20},"end":{"line":94,"column":61}},"107":{"start":{"line":95,"column":20},"end":{"line":100,"column":21}},"108":{"start":{"line":96,"column":24},"end":{"line":96,"column":111}},"109":{"start":{"line":99,"column":24},"end":{"line":99,"column":70}},"110":{"start":{"line":102,"column":16},"end":{"line":105,"column":17}},"111":{"start":{"line":104,"column":20},"end":{"line":104,"column":90}},"112":{"start":{"line":106,"column":16},"end":{"line":106,"column":53}},"113":{"start":{"line":107,"column":16},"end":{"line":107,"column":50}},"114":{"start":{"line":108,"column":16},"end":{"line":129,"column":19}},"115":{"start":{"line":110,"column":20},"end":{"line":110,"column":54}},"116":{"start":{"line":111,"column":20},"end":{"line":111,"column":55}},"117":{"start":{"line":112,"column":20},"end":{"line":112,"column":46}},"118":{"start":{"line":115,"column":20},"end":{"line":115,"column":49}},"119":{"start":{"line":116,"column":20},"end":{"line":116,"column":55}},"120":{"start":{"line":117,"column":20},"end":{"line":127,"column":21}},"121":{"start":{"line":119,"column":24},"end":{"line":121,"column":25}},"122":{"start":{"line":120,"column":28},"end":{"line":120,"column":125}},"123":{"start":{"line":124,"column":24},"end":{"line":126,"column":25}},"124":{"start":{"line":125,"column":28},"end":{"line":125,"column":123}},"125":{"start":{"line":128,"column":20},"end":{"line":128,"column":43}},"126":{"start":{"line":130,"column":16},"end":{"line":130,"column":56}},"127":{"start":{"line":134,"column":4},"end":{"line":140,"column":13}},"128":{"start":{"line":141,"column":4},"end":{"line":141,"column":16}},"129":{"start":{"line":143,"column":0},"end":{"line":143,"column":20}}},"fnMap":{"0":{"name":"(anonymous_0)","decl":{"start":{"line":2,"column":46},"end":{"line":2,"column":47}},"loc":{"start":{"line":2,"column":87},"end":{"line":7,"column":1}},"line":2},"1":{"name":"(anonymous_1)","decl":{"start":{"line":8,"column":46},"end":{"line":8,"column":47}},"loc":{"start":{"line":8,"column":62},"end":{"line":10,"column":1}},"line":8},"2":{"name":"(anonymous_2)","decl":{"start":{"line":11,"column":44},"end":{"line":11,"column":45}},"loc":{"start":{"line":11,"column":89},"end":{"line":18,"column":1}},"line":11},"3":{"name":"(anonymous_3)","decl":{"start":{"line":12,"column":36},"end":{"line":12,"column":37}},"loc":{"start":{"line":12,"column":63},"end":{"line":17,"column":5}},"line":12},"4":{"name":"fulfilled","decl":{"start":{"line":13,"column":17},"end":{"line":13,"column":26}},"loc":{"start":{"line":13,"column":34},"end":{"line":13,"column":99}},"line":13},"5":{"name":"rejected","decl":{"start":{"line":14,"column":17},"end":{"line":14,"column":25}},"loc":{"start":{"line":14,"column":33},"end":{"line":14,"column":102}},"line":14},"6":{"name":"step","decl":{"start":{"line":15,"column":17},"end":{"line":15,"column":21}},"loc":{"start":{"line":15,"column":30},"end":{"line":15,"column":151}},"line":15},"7":{"name":"(anonymous_7)","decl":{"start":{"line":15,"column":76},"end":{"line":15,"column":77}},"loc":{"start":{"line":15,"column":95},"end":{"line":15,"column":121}},"line":15},"8":{"name":"(anonymous_8)","decl":{"start":{"line":19,"column":48},"end":{"line":19,"column":49}},"loc":{"start":{"line":19,"column":73},"end":{"line":45,"column":1}},"line":19},"9":{"name":"(anonymous_9)","decl":{"start":{"line":20,"column":30},"end":{"line":20,"column":31}},"loc":{"start":{"line":20,"column":41},"end":{"line":20,"column":83}},"line":20},"10":{"name":"(anonymous_10)","decl":{"start":{"line":21,"column":125},"end":{"line":21,"column":126}},"loc":{"start":{"line":21,"column":136},"end":{"line":21,"column":152}},"line":21},"11":{"name":"verb","decl":{"start":{"line":22,"column":13},"end":{"line":22,"column":17}},"loc":{"start":{"line":22,"column":21},"end":{"line":22,"column":70}},"line":22},"12":{"name":"(anonymous_12)","decl":{"start":{"line":22,"column":30},"end":{"line":22,"column":31}},"loc":{"start":{"line":22,"column":43},"end":{"line":22,"column":67}},"line":22},"13":{"name":"step","decl":{"start":{"line":23,"column":13},"end":{"line":23,"column":17}},"loc":{"start":{"line":23,"column":22},"end":{"line":44,"column":5}},"line":23},"14":{"name":"(anonymous_14)","decl":{"start":{"line":55,"column":12},"end":{"line":55,"column":13}},"loc":{"start":{"line":55,"column":24},"end":{"line":142,"column":1}},"line":55},"15":{"name":"Http","decl":{"start":{"line":56,"column":13},"end":{"line":56,"column":17}},"loc":{"start":{"line":60,"column":6},"end":{"line":64,"column":5}},"line":60},"16":{"name":"(anonymous_16)","decl":{"start":{"line":65,"column":28},"end":{"line":65,"column":29}},"loc":{"start":{"line":65,"column":44},"end":{"line":71,"column":5}},"line":65},"17":{"name":"(anonymous_17)","decl":{"start":{"line":66,"column":47},"end":{"line":66,"column":48}},"loc":{"start":{"line":66,"column":59},"end":{"line":70,"column":9}},"line":66},"18":{"name":"(anonymous_18)","decl":{"start":{"line":67,"column":37},"end":{"line":67,"column":38}},"loc":{"start":{"line":67,"column":51},"end":{"line":69,"column":13}},"line":67},"19":{"name":"(anonymous_19)","decl":{"start":{"line":72,"column":25},"end":{"line":72,"column":26}},"loc":{"start":{"line":72,"column":41},"end":{"line":78,"column":5}},"line":72},"20":{"name":"(anonymous_20)","decl":{"start":{"line":73,"column":47},"end":{"line":73,"column":48}},"loc":{"start":{"line":73,"column":59},"end":{"line":77,"column":9}},"line":73},"21":{"name":"(anonymous_21)","decl":{"start":{"line":74,"column":37},"end":{"line":74,"column":38}},"loc":{"start":{"line":74,"column":51},"end":{"line":76,"column":13}},"line":74},"22":{"name":"(anonymous_22)","decl":{"start":{"line":79,"column":26},"end":{"line":79,"column":27}},"loc":{"start":{"line":79,"column":77},"end":{"line":133,"column":5}},"line":79},"23":{"name":"(anonymous_23)","decl":{"start":{"line":81,"column":47},"end":{"line":81,"column":48}},"loc":{"start":{"line":81,"column":59},"end":{"line":132,"column":9}},"line":81},"24":{"name":"(anonymous_24)","decl":{"start":{"line":83,"column":37},"end":{"line":83,"column":38}},"loc":{"start":{"line":83,"column":51},"end":{"line":131,"column":13}},"line":83},"25":{"name":"(anonymous_25)","decl":{"start":{"line":109,"column":26},"end":{"line":109,"column":27}},"loc":{"start":{"line":109,"column":45},"end":{"line":113,"column":17}},"line":109},"26":{"name":"(anonymous_26)","decl":{"start":{"line":114,"column":27},"end":{"line":114,"column":28}},"loc":{"start":{"line":114,"column":44},"end":{"line":129,"column":17}},"line":114}},"branchMap":{"0":{"loc":{"start":{"line":2,"column":17},"end":{"line":7,"column":1}},"type":"binary-expr","locations":[{"start":{"line":2,"column":18},"end":{"line":2,"column":22}},{"start":{"line":2,"column":26},"end":{"line":2,"column":41}},{"start":{"line":2,"column":46},"end":{"line":7,"column":1}}],"line":2},"1":{"loc":{"start":{"line":3,"column":34},"end":{"line":3,"column":125}},"type":"cond-expr","locations":[{"start":{"line":3,"column":42},"end":{"line":3,"column":48}},{"start":{"line":3,"column":51},"end":{"line":3,"column":125}}],"line":3},"2":{"loc":{"start":{"line":3,"column":51},"end":{"line":3,"column":125}},"type":"cond-expr","locations":[{"start":{"line":3,"column":67},"end":{"line":3,"column":118}},{"start":{"line":3,"column":121},"end":{"line":3,"column":125}}],"line":3},"3":{"loc":{"start":{"line":4,"column":4},"end":{"line":5,"column":150}},"type":"if","locations":[{"start":{"line":4,"column":4},"end":{"line":5,"column":150}},{"start":{"line":4,"column":4},"end":{"line":5,"column":150}}],"line":4},"4":{"loc":{"start":{"line":4,"column":8},"end":{"line":4,"column":77}},"type":"binary-expr","locations":[{"start":{"line":4,"column":8},"end":{"line":4,"column":35}},{"start":{"line":4,"column":39},"end":{"line":4,"column":77}}],"line":4},"5":{"loc":{"start":{"line":5,"column":58},"end":{"line":5,"column":150}},"type":"if","locations":[{"start":{"line":5,"column":58},"end":{"line":5,"column":150}},{"start":{"line":5,"column":58},"end":{"line":5,"column":150}}],"line":5},"6":{"loc":{"start":{"line":5,"column":85},"end":{"line":5,"column":149}},"type":"binary-expr","locations":[{"start":{"line":5,"column":86},"end":{"line":5,"column":143}},{"start":{"line":5,"column":148},"end":{"line":5,"column":149}}],"line":5},"7":{"loc":{"start":{"line":5,"column":86},"end":{"line":5,"column":143}},"type":"cond-expr","locations":[{"start":{"line":5,"column":94},"end":{"line":5,"column":98}},{"start":{"line":5,"column":101},"end":{"line":5,"column":143}}],"line":5},"8":{"loc":{"start":{"line":5,"column":101},"end":{"line":5,"column":143}},"type":"cond-expr","locations":[{"start":{"line":5,"column":109},"end":{"line":5,"column":126}},{"start":{"line":5,"column":129},"end":{"line":5,"column":143}}],"line":5},"9":{"loc":{"start":{"line":6,"column":11},"end":{"line":6,"column":62}},"type":"binary-expr","locations":[{"start":{"line":6,"column":11},"end":{"line":6,"column":16}},{"start":{"line":6,"column":20},"end":{"line":6,"column":21}},{"start":{"line":6,"column":25},"end":{"line":6,"column":62}}],"line":6},"10":{"loc":{"start":{"line":8,"column":17},"end":{"line":10,"column":1}},"type":"binary-expr","locations":[{"start":{"line":8,"column":18},"end":{"line":8,"column":22}},{"start":{"line":8,"column":26},"end":{"line":8,"column":41}},{"start":{"line":8,"column":46},"end":{"line":10,"column":1}}],"line":8},"11":{"loc":{"start":{"line":9,"column":4},"end":{"line":9,"column":109}},"type":"if","locations":[{"start":{"line":9,"column":4},"end":{"line":9,"column":109}},{"start":{"line":9,"column":4},"end":{"line":9,"column":109}}],"line":9},"12":{"loc":{"start":{"line":9,"column":8},"end":{"line":9,"column":77}},"type":"binary-expr","locations":[{"start":{"line":9,"column":8},"end":{"line":9,"column":35}},{"start":{"line":9,"column":39},"end":{"line":9,"column":77}}],"line":9},"13":{"loc":{"start":{"line":11,"column":16},"end":{"line":18,"column":1}},"type":"binary-expr","locations":[{"start":{"line":11,"column":17},"end":{"line":11,"column":21}},{"start":{"line":11,"column":25},"end":{"line":11,"column":39}},{"start":{"line":11,"column":44},"end":{"line":18,"column":1}}],"line":11},"14":{"loc":{"start":{"line":12,"column":16},"end":{"line":12,"column":34}},"type":"binary-expr","locations":[{"start":{"line":12,"column":16},"end":{"line":12,"column":17}},{"start":{"line":12,"column":22},"end":{"line":12,"column":33}}],"line":12},"15":{"loc":{"start":{"line":15,"column":32},"end":{"line":15,"column":148}},"type":"cond-expr","locations":[{"start":{"line":15,"column":46},"end":{"line":15,"column":67}},{"start":{"line":15,"column":70},"end":{"line":15,"column":148}}],"line":15},"16":{"loc":{"start":{"line":16,"column":51},"end":{"line":16,"column":67}},"type":"binary-expr","locations":[{"start":{"line":16,"column":51},"end":{"line":16,"column":61}},{"start":{"line":16,"column":65},"end":{"line":16,"column":67}}],"line":16},"17":{"loc":{"start":{"line":19,"column":18},"end":{"line":45,"column":1}},"type":"binary-expr","locations":[{"start":{"line":19,"column":19},"end":{"line":19,"column":23}},{"start":{"line":19,"column":27},"end":{"line":19,"column":43}},{"start":{"line":19,"column":48},"end":{"line":45,"column":1}}],"line":19},"18":{"loc":{"start":{"line":20,"column":43},"end":{"line":20,"column":68}},"type":"if","locations":[{"start":{"line":20,"column":43},"end":{"line":20,"column":68}},{"start":{"line":20,"column":43},"end":{"line":20,"column":68}}],"line":20},"19":{"loc":{"start":{"line":21,"column":71},"end":{"line":21,"column":153}},"type":"binary-expr","locations":[{"start":{"line":21,"column":71},"end":{"line":21,"column":99}},{"start":{"line":21,"column":104},"end":{"line":21,"column":152}}],"line":21},"20":{"loc":{"start":{"line":24,"column":8},"end":{"line":24,"column":70}},"type":"if","locations":[{"start":{"line":24,"column":8},"end":{"line":24,"column":70}},{"start":{"line":24,"column":8},"end":{"line":24,"column":70}}],"line":24},"21":{"loc":{"start":{"line":26,"column":12},"end":{"line":26,"column":127}},"type":"if","locations":[{"start":{"line":26,"column":12},"end":{"line":26,"column":127}},{"start":{"line":26,"column":12},"end":{"line":26,"column":127}}],"line":26},"22":{"loc":{"start":{"line":26,"column":23},"end":{"line":26,"column":116}},"type":"binary-expr","locations":[{"start":{"line":26,"column":23},"end":{"line":26,"column":24}},{"start":{"line":26,"column":29},"end":{"line":26,"column":83}},{"start":{"line":26,"column":88},"end":{"line":26,"column":116}}],"line":26},"23":{"loc":{"start":{"line":26,"column":35},"end":{"line":26,"column":82}},"type":"cond-expr","locations":[{"start":{"line":26,"column":47},"end":{"line":26,"column":55}},{"start":{"line":26,"column":58},"end":{"line":26,"column":82}}],"line":26},"24":{"loc":{"start":{"line":26,"column":58},"end":{"line":26,"column":82}},"type":"cond-expr","locations":[{"start":{"line":26,"column":66},"end":{"line":26,"column":73}},{"start":{"line":26,"column":76},"end":{"line":26,"column":82}}],"line":26},"25":{"loc":{"start":{"line":27,"column":12},"end":{"line":27,"column":44}},"type":"if","locations":[{"start":{"line":27,"column":12},"end":{"line":27,"column":44}},{"start":{"line":27,"column":12},"end":{"line":27,"column":44}}],"line":27},"26":{"loc":{"start":{"line":28,"column":12},"end":{"line":40,"column":13}},"type":"switch","locations":[{"start":{"line":29,"column":16},"end":{"line":29,"column":23}},{"start":{"line":29,"column":24},"end":{"line":29,"column":46}},{"start":{"line":30,"column":16},"end":{"line":30,"column":72}},{"start":{"line":31,"column":16},"end":{"line":31,"column":65}},{"start":{"line":32,"column":16},"end":{"line":32,"column":65}},{"start":{"line":33,"column":16},"end":{"line":39,"column":43}}],"line":28},"27":{"loc":{"start":{"line":34,"column":20},"end":{"line":34,"column":128}},"type":"if","locations":[{"start":{"line":34,"column":20},"end":{"line":34,"column":128}},{"start":{"line":34,"column":20},"end":{"line":34,"column":128}}],"line":34},"28":{"loc":{"start":{"line":34,"column":24},"end":{"line":34,"column":106}},"type":"binary-expr","locations":[{"start":{"line":34,"column":24},"end":{"line":34,"column":74}},{"start":{"line":34,"column":79},"end":{"line":34,"column":90}},{"start":{"line":34,"column":94},"end":{"line":34,"column":105}}],"line":34},"29":{"loc":{"start":{"line":34,"column":42},"end":{"line":34,"column":73}},"type":"binary-expr","locations":[{"start":{"line":34,"column":42},"end":{"line":34,"column":54}},{"start":{"line":34,"column":58},"end":{"line":34,"column":73}}],"line":34},"30":{"loc":{"start":{"line":35,"column":20},"end":{"line":35,"column":106}},"type":"if","locations":[{"start":{"line":35,"column":20},"end":{"line":35,"column":106}},{"start":{"line":35,"column":20},"end":{"line":35,"column":106}}],"line":35},"31":{"loc":{"start":{"line":35,"column":24},"end":{"line":35,"column":77}},"type":"binary-expr","locations":[{"start":{"line":35,"column":24},"end":{"line":35,"column":35}},{"start":{"line":35,"column":40},"end":{"line":35,"column":42}},{"start":{"line":35,"column":47},"end":{"line":35,"column":59}},{"start":{"line":35,"column":63},"end":{"line":35,"column":75}}],"line":35},"32":{"loc":{"start":{"line":36,"column":20},"end":{"line":36,"column":89}},"type":"if","locations":[{"start":{"line":36,"column":20},"end":{"line":36,"column":89}},{"start":{"line":36,"column":20},"end":{"line":36,"column":89}}],"line":36},"33":{"loc":{"start":{"line":36,"column":24},"end":{"line":36,"column":53}},"type":"binary-expr","locations":[{"start":{"line":36,"column":24},"end":{"line":36,"column":35}},{"start":{"line":36,"column":39},"end":{"line":36,"column":53}}],"line":36},"34":{"loc":{"start":{"line":37,"column":20},"end":{"line":37,"column":87}},"type":"if","locations":[{"start":{"line":37,"column":20},"end":{"line":37,"column":87}},{"start":{"line":37,"column":20},"end":{"line":37,"column":87}}],"line":37},"35":{"loc":{"start":{"line":37,"column":24},"end":{"line":37,"column":43}},"type":"binary-expr","locations":[{"start":{"line":37,"column":24},"end":{"line":37,"column":25}},{"start":{"line":37,"column":29},"end":{"line":37,"column":43}}],"line":37},"36":{"loc":{"start":{"line":38,"column":20},"end":{"line":38,"column":42}},"type":"if","locations":[{"start":{"line":38,"column":20},"end":{"line":38,"column":42}},{"start":{"line":38,"column":20},"end":{"line":38,"column":42}}],"line":38},"37":{"loc":{"start":{"line":43,"column":8},"end":{"line":43,"column":35}},"type":"if","locations":[{"start":{"line":43,"column":8},"end":{"line":43,"column":35}},{"start":{"line":43,"column":8},"end":{"line":43,"column":35}}],"line":43},"38":{"loc":{"start":{"line":43,"column":52},"end":{"line":43,"column":74}},"type":"cond-expr","locations":[{"start":{"line":43,"column":60},"end":{"line":43,"column":65}},{"start":{"line":43,"column":68},"end":{"line":43,"column":74}}],"line":43},"39":{"loc":{"start":{"line":80,"column":8},"end":{"line":80,"column":75}},"type":"if","locations":[{"start":{"line":80,"column":8},"end":{"line":80,"column":75}},{"start":{"line":80,"column":8},"end":{"line":80,"column":75}}],"line":80},"40":{"loc":{"start":{"line":86,"column":16},"end":{"line":101,"column":17}},"type":"if","locations":[{"start":{"line":86,"column":16},"end":{"line":101,"column":17}},{"start":{"line":86,"column":16},"end":{"line":101,"column":17}}],"line":86},"41":{"loc":{"start":{"line":86,"column":20},"end":{"line":87,"column":72}},"type":"binary-expr","locations":[{"start":{"line":86,"column":20},"end":{"line":86,"column":36}},{"start":{"line":87,"column":20},"end":{"line":87,"column":72}}],"line":86},"42":{"loc":{"start":{"line":88,"column":90},"end":{"line":88,"column":102}},"type":"binary-expr","locations":[{"start":{"line":88,"column":90},"end":{"line":88,"column":94}},{"start":{"line":88,"column":98},"end":{"line":88,"column":102}}],"line":88},"43":{"loc":{"start":{"line":95,"column":20},"end":{"line":100,"column":21}},"type":"if","locations":[{"start":{"line":95,"column":20},"end":{"line":100,"column":21}},{"start":{"line":95,"column":20},"end":{"line":100,"column":21}}],"line":95},"44":{"loc":{"start":{"line":102,"column":16},"end":{"line":105,"column":17}},"type":"if","locations":[{"start":{"line":102,"column":16},"end":{"line":105,"column":17}},{"start":{"line":102,"column":16},"end":{"line":105,"column":17}}],"line":102},"45":{"loc":{"start":{"line":110,"column":30},"end":{"line":110,"column":53}},"type":"binary-expr","locations":[{"start":{"line":110,"column":30},"end":{"line":110,"column":42}},{"start":{"line":110,"column":46},"end":{"line":110,"column":53}}],"line":110},"46":{"loc":{"start":{"line":115,"column":28},"end":{"line":115,"column":48}},"type":"binary-expr","locations":[{"start":{"line":115,"column":28},"end":{"line":115,"column":39}},{"start":{"line":115,"column":43},"end":{"line":115,"column":48}}],"line":115},"47":{"loc":{"start":{"line":117,"column":20},"end":{"line":127,"column":21}},"type":"if","locations":[{"start":{"line":117,"column":20},"end":{"line":127,"column":21}},{"start":{"line":117,"column":20},"end":{"line":127,"column":21}}],"line":117},"48":{"loc":{"start":{"line":119,"column":24},"end":{"line":121,"column":25}},"type":"if","locations":[{"start":{"line":119,"column":24},"end":{"line":121,"column":25}},{"start":{"line":119,"column":24},"end":{"line":121,"column":25}}],"line":119},"49":{"loc":{"start":{"line":124,"column":24},"end":{"line":126,"column":25}},"type":"if","locations":[{"start":{"line":124,"column":24},"end":{"line":126,"column":25}},{"start":{"line":124,"column":24},"end":{"line":126,"column":25}}],"line":124},"50":{"loc":{"start":{"line":124,"column":28},"end":{"line":124,"column":87}},"type":"binary-expr","locations":[{"start":{"line":124,"column":28},"end":{"line":124,"column":47}},{"start":{"line":124,"column":51},"end":{"line":124,"column":87}}],"line":124}},"s":{"0":1,"1":1,"2":1,"3":1,"4":0,"5":1,"6":2,"7":2,"8":1,"9":1,"10":1,"11":1,"12":1,"13":0,"14":0,"15":0,"16":0,"17":0,"18":0,"19":0,"20":0,"21":0,"22":0,"23":1,"24":0,"25":0,"26":0,"27":0,"28":0,"29":0,"30":0,"31":0,"32":0,"33":0,"34":0,"35":0,"36":0,"37":0,"38":0,"39":0,"40":0,"41":0,"42":0,"43":0,"44":0,"45":0,"46":0,"47":0,"48":0,"49":0,"50":0,"51":0,"52":0,"53":0,"54":0,"55":0,"56":0,"57":0,"58":0,"59":0,"60":0,"61":0,"62":0,"63":0,"64":0,"65":0,"66":0,"67":0,"68":0,"69":0,"70":0,"71":0,"72":0,"73":0,"74":0,"75":0,"76":0,"77":1,"78":1,"79":1,"80":1,"81":1,"82":1,"83":1,"84":1,"85":1,"86":1,"87":0,"88":0,"89":0,"90":1,"91":0,"92":0,"93":0,"94":1,"95":0,"96":0,"97":0,"98":1,"99":0,"100":0,"101":0,"102":0,"103":0,"104":0,"105":0,"106":0,"107":0,"108":0,"109":0,"110":0,"111":0,"112":0,"113":0,"114":0,"115":0,"116":0,"117":0,"118":0,"119":0,"120":0,"121":0,"122":0,"123":0,"124":0,"125":0,"126":0,"127":1,"128":1,"129":1},"f":{"0":1,"1":1,"2":0,"3":0,"4":0,"5":0,"6":0,"7":0,"8":0,"9":0,"10":0,"11":0,"12":0,"13":0,"14":1,"15":0,"16":0,"17":0,"18":0,"19":0,"20":0,"21":0,"22":0,"23":0,"24":0,"25":0,"26":0},"b":{"0":[1,1,1],"1":[1,0],"2":[0,0],"3":[0,1],"4":[1,1],"5":[2,0],"6":[2,1],"7":[2,0],"8":[0,0],"9":[1,0,0],"10":[1,1,1],"11":[1,0],"12":[1,1],"13":[1,1,1],"14":[0,0],"15":[0,0],"16":[0,0],"17":[1,1,1],"18":[0,0],"19":[0,0],"20":[0,0],"21":[0,0],"22":[0,0,0],"23":[0,0],"24":[0,0],"25":[0,0],"26":[0,0,0,0,0,0],"27":[0,0],"28":[0,0,0],"29":[0,0],"30":[0,0],"31":[0,0,0,0],"32":[0,0],"33":[0,0],"34":[0,0],"35":[0,0],"36":[0,0],"37":[0,0],"38":[0,0],"39":[0,0],"40":[0,0],"41":[0,0],"42":[0,0],"43":[0,0],"44":[0,0],"45":[0,0],"46":[0,0],"47":[0,0],"48":[0,0],"49":[0,0],"50":[0,0]},"_coverageSchema":"332fd63041d2c1bcb487cc26dd0d5f7d97098a6c","hash":"e4110cf456f610c7dff83b34756fa617c292a3c3","contentHash":"f8e78c4c2faecec7710cd794d2efee8a_10.3.2"},"/home/maxi/repos/ngx-jsonapi/src/shared/deferred.ts":{"path":"/home/maxi/repos/ngx-jsonapi/src/shared/deferred.ts","statementMap":{"0":{"start":{"line":14,"column":0},"end":{"line":14,"column":62}},"1":{"start":{"line":15,"column":16},"end":{"line":24,"column":3}},"2":{"start":{"line":17,"column":20},"end":{"line":17,"column":24}},"3":{"start":{"line":18,"column":8},"end":{"line":21,"column":11}},"4":{"start":{"line":19,"column":12},"end":{"line":19,"column":36}},"5":{"start":{"line":20,"column":12},"end":{"line":20,"column":34}},"6":{"start":{"line":23,"column":4},"end":{"line":23,"column":20}},"7":{"start":{"line":25,"column":0},"end":{"line":25,"column":28}}},"fnMap":{"0":{"name":"(anonymous_0)","decl":{"start":{"line":15,"column":16},"end":{"line":15,"column":17}},"loc":{"start":{"line":15,"column":28},"end":{"line":24,"column":1}},"line":15},"1":{"name":"Deferred","decl":{"start":{"line":16,"column":13},"end":{"line":16,"column":21}},"loc":{"start":{"line":16,"column":24},"end":{"line":22,"column":5}},"line":16},"2":{"name":"(anonymous_2)","decl":{"start":{"line":18,"column":35},"end":{"line":18,"column":36}},"loc":{"start":{"line":18,"column":62},"end":{"line":21,"column":9}},"line":18}},"branchMap":{},"s":{"0":1,"1":1,"2":0,"3":0,"4":0,"5":0,"6":1,"7":1},"f":{"0":1,"1":0,"2":0},"b":{},"_coverageSchema":"332fd63041d2c1bcb487cc26dd0d5f7d97098a6c","hash":"58c469dfc4831c9e310c855849c89c0851e6f471","contentHash":"7435a02ba4b8c51a7844a20335d2fa7b_10.3.2"},"/home/maxi/repos/ngx-jsonapi/src/services/noduplicatedhttpcalls.service.ts":{"path":"/home/maxi/repos/ngx-jsonapi/src/services/noduplicatedhttpcalls.service.ts","statementMap":{"0":{"start":{"line":2,"column":16},"end":{"line":9,"column":1}},"1":{"start":{"line":3,"column":4},"end":{"line":8,"column":7}},"2":{"start":{"line":4,"column":36},"end":{"line":4,"column":97}},"3":{"start":{"line":4,"column":42},"end":{"line":4,"column":70}},"4":{"start":{"line":4,"column":85},"end":{"line":4,"column":95}},"5":{"start":{"line":5,"column":35},"end":{"line":5,"column":100}},"6":{"start":{"line":5,"column":41},"end":{"line":5,"column":73}},"7":{"start":{"line":5,"column":88},"end":{"line":5,"column":98}},"8":{"start":{"line":6,"column":32},"end":{"line":6,"column":149}},"9":{"start":{"line":6,"column":97},"end":{"line":6,"column":119}},"10":{"start":{"line":7,"column":8},"end":{"line":7,"column":78}},"11":{"start":{"line":10,"column":18},"end":{"line":36,"column":1}},"12":{"start":{"line":11,"column":12},"end":{"line":11,"column":104}},"13":{"start":{"line":11,"column":43},"end":{"line":11,"column":68}},"14":{"start":{"line":11,"column":57},"end":{"line":11,"column":68}},"15":{"start":{"line":11,"column":69},"end":{"line":11,"column":81}},"16":{"start":{"line":12,"column":4},"end":{"line":12,"column":157}},"17":{"start":{"line":12,"column":138},"end":{"line":12,"column":150}},"18":{"start":{"line":13,"column":23},"end":{"line":13,"column":68}},"19":{"start":{"line":13,"column":45},"end":{"line":13,"column":65}},"20":{"start":{"line":15,"column":8},"end":{"line":15,"column":70}},"21":{"start":{"line":15,"column":15},"end":{"line":15,"column":70}},"22":{"start":{"line":16,"column":8},"end":{"line":33,"column":66}},"23":{"start":{"line":16,"column":18},"end":{"line":33,"column":66}},"24":{"start":{"line":17,"column":12},"end":{"line":17,"column":127}},"25":{"start":{"line":17,"column":118},"end":{"line":17,"column":127}},"26":{"start":{"line":18,"column":12},"end":{"line":18,"column":44}},"27":{"start":{"line":18,"column":26},"end":{"line":18,"column":44}},"28":{"start":{"line":19,"column":12},"end":{"line":31,"column":13}},"29":{"start":{"line":20,"column":32},"end":{"line":20,"column":39}},"30":{"start":{"line":20,"column":40},"end":{"line":20,"column":46}},"31":{"start":{"line":21,"column":24},"end":{"line":21,"column":34}},"32":{"start":{"line":21,"column":35},"end":{"line":21,"column":72}},"33":{"start":{"line":22,"column":24},"end":{"line":22,"column":34}},"34":{"start":{"line":22,"column":35},"end":{"line":22,"column":45}},"35":{"start":{"line":22,"column":46},"end":{"line":22,"column":55}},"36":{"start":{"line":22,"column":56},"end":{"line":22,"column":65}},"37":{"start":{"line":23,"column":24},"end":{"line":23,"column":41}},"38":{"start":{"line":23,"column":42},"end":{"line":23,"column":55}},"39":{"start":{"line":23,"column":56},"end":{"line":23,"column":65}},"40":{"start":{"line":25,"column":20},"end":{"line":25,"column":128}},"41":{"start":{"line":25,"column":110},"end":{"line":25,"column":116}},"42":{"start":{"line":25,"column":117},"end":{"line":25,"column":126}},"43":{"start":{"line":26,"column":20},"end":{"line":26,"column":106}},"44":{"start":{"line":26,"column":81},"end":{"line":26,"column":97}},"45":{"start":{"line":26,"column":98},"end":{"line":26,"column":104}},"46":{"start":{"line":27,"column":20},"end":{"line":27,"column":89}},"47":{"start":{"line":27,"column":57},"end":{"line":27,"column":72}},"48":{"start":{"line":27,"column":73},"end":{"line":27,"column":80}},"49":{"start":{"line":27,"column":81},"end":{"line":27,"column":87}},"50":{"start":{"line":28,"column":20},"end":{"line":28,"column":87}},"51":{"start":{"line":28,"column":47},"end":{"line":28,"column":62}},"52":{"start":{"line":28,"column":63},"end":{"line":28,"column":78}},"53":{"start":{"line":28,"column":79},"end":{"line":28,"column":85}},"54":{"start":{"line":29,"column":20},"end":{"line":29,"column":42}},"55":{"start":{"line":29,"column":30},"end":{"line":29,"column":42}},"56":{"start":{"line":30,"column":20},"end":{"line":30,"column":33}},"57":{"start":{"line":30,"column":34},"end":{"line":30,"column":43}},"58":{"start":{"line":32,"column":12},"end":{"line":32,"column":39}},"59":{"start":{"line":33,"column":22},"end":{"line":33,"column":34}},"60":{"start":{"line":33,"column":35},"end":{"line":33,"column":41}},"61":{"start":{"line":33,"column":54},"end":{"line":33,"column":64}},"62":{"start":{"line":34,"column":8},"end":{"line":34,"column":35}},"63":{"start":{"line":34,"column":23},"end":{"line":34,"column":35}},"64":{"start":{"line":34,"column":36},"end":{"line":34,"column":89}},"65":{"start":{"line":37,"column":0},"end":{"line":37,"column":62}},"66":{"start":{"line":38,"column":17},"end":{"line":38,"column":46}},"67":{"start":{"line":39,"column":36},"end":{"line":88,"column":3}},"68":{"start":{"line":41,"column":8},"end":{"line":41,"column":24}},"69":{"start":{"line":43,"column":4},"end":{"line":45,"column":6}},"70":{"start":{"line":44,"column":8},"end":{"line":44,"column":34}},"71":{"start":{"line":46,"column":4},"end":{"line":59,"column":6}},"72":{"start":{"line":47,"column":8},"end":{"line":58,"column":11}},"73":{"start":{"line":49,"column":12},"end":{"line":57,"column":15}},"74":{"start":{"line":50,"column":16},"end":{"line":52,"column":17}},"75":{"start":{"line":51,"column":20},"end":{"line":51,"column":42}},"76":{"start":{"line":53,"column":16},"end":{"line":53,"column":53}},"77":{"start":{"line":55,"column":16},"end":{"line":55,"column":48}},"78":{"start":{"line":56,"column":16},"end":{"line":56,"column":56}},"79":{"start":{"line":60,"column":4},"end":{"line":86,"column":6}},"80":{"start":{"line":61,"column":8},"end":{"line":85,"column":11}},"81":{"start":{"line":62,"column":24},"end":{"line":62,"column":28}},"82":{"start":{"line":63,"column":12},"end":{"line":84,"column":15}},"83":{"start":{"line":64,"column":16},"end":{"line":82,"column":19}},"84":{"start":{"line":66,"column":20},"end":{"line":72,"column":21}},"85":{"start":{"line":67,"column":24},"end":{"line":70,"column":25}},"86":{"start":{"line":68,"column":43},"end":{"line":68,"column":49}},"87":{"start":{"line":69,"column":28},"end":{"line":69,"column":54}},"88":{"start":{"line":71,"column":24},"end":{"line":71,"column":49}},"89":{"start":{"line":75,"column":20},"end":{"line":81,"column":21}},"90":{"start":{"line":76,"column":24},"end":{"line":79,"column":25}},"91":{"start":{"line":77,"column":43},"end":{"line":77,"column":49}},"92":{"start":{"line":78,"column":28},"end":{"line":78,"column":51}},"93":{"start":{"line":80,"column":24},"end":{"line":80,"column":49}},"94":{"start":{"line":83,"column":16},"end":{"line":83,"column":38}},"95":{"start":{"line":87,"column":4},"end":{"line":87,"column":40}},"96":{"start":{"line":89,"column":0},"end":{"line":89,"column":68}}},"fnMap":{"0":{"name":"(anonymous_0)","decl":{"start":{"line":2,"column":44},"end":{"line":2,"column":45}},"loc":{"start":{"line":2,"column":89},"end":{"line":9,"column":1}},"line":2},"1":{"name":"(anonymous_1)","decl":{"start":{"line":3,"column":36},"end":{"line":3,"column":37}},"loc":{"start":{"line":3,"column":63},"end":{"line":8,"column":5}},"line":3},"2":{"name":"fulfilled","decl":{"start":{"line":4,"column":17},"end":{"line":4,"column":26}},"loc":{"start":{"line":4,"column":34},"end":{"line":4,"column":99}},"line":4},"3":{"name":"rejected","decl":{"start":{"line":5,"column":17},"end":{"line":5,"column":25}},"loc":{"start":{"line":5,"column":33},"end":{"line":5,"column":102}},"line":5},"4":{"name":"step","decl":{"start":{"line":6,"column":17},"end":{"line":6,"column":21}},"loc":{"start":{"line":6,"column":30},"end":{"line":6,"column":151}},"line":6},"5":{"name":"(anonymous_5)","decl":{"start":{"line":6,"column":76},"end":{"line":6,"column":77}},"loc":{"start":{"line":6,"column":95},"end":{"line":6,"column":121}},"line":6},"6":{"name":"(anonymous_6)","decl":{"start":{"line":10,"column":48},"end":{"line":10,"column":49}},"loc":{"start":{"line":10,"column":73},"end":{"line":36,"column":1}},"line":10},"7":{"name":"(anonymous_7)","decl":{"start":{"line":11,"column":30},"end":{"line":11,"column":31}},"loc":{"start":{"line":11,"column":41},"end":{"line":11,"column":83}},"line":11},"8":{"name":"(anonymous_8)","decl":{"start":{"line":12,"column":125},"end":{"line":12,"column":126}},"loc":{"start":{"line":12,"column":136},"end":{"line":12,"column":152}},"line":12},"9":{"name":"verb","decl":{"start":{"line":13,"column":13},"end":{"line":13,"column":17}},"loc":{"start":{"line":13,"column":21},"end":{"line":13,"column":70}},"line":13},"10":{"name":"(anonymous_10)","decl":{"start":{"line":13,"column":30},"end":{"line":13,"column":31}},"loc":{"start":{"line":13,"column":43},"end":{"line":13,"column":67}},"line":13},"11":{"name":"step","decl":{"start":{"line":14,"column":13},"end":{"line":14,"column":17}},"loc":{"start":{"line":14,"column":22},"end":{"line":35,"column":5}},"line":14},"12":{"name":"(anonymous_12)","decl":{"start":{"line":39,"column":36},"end":{"line":39,"column":37}},"loc":{"start":{"line":39,"column":48},"end":{"line":88,"column":1}},"line":39},"13":{"name":"NoDuplicatedHttpCallsService","decl":{"start":{"line":40,"column":13},"end":{"line":40,"column":41}},"loc":{"start":{"line":40,"column":44},"end":{"line":42,"column":5}},"line":40},"14":{"name":"(anonymous_14)","decl":{"start":{"line":43,"column":57},"end":{"line":43,"column":58}},"loc":{"start":{"line":43,"column":73},"end":{"line":45,"column":5}},"line":43},"15":{"name":"(anonymous_15)","decl":{"start":{"line":46,"column":57},"end":{"line":46,"column":58}},"loc":{"start":{"line":46,"column":73},"end":{"line":59,"column":5}},"line":46},"16":{"name":"(anonymous_16)","decl":{"start":{"line":47,"column":47},"end":{"line":47,"column":48}},"loc":{"start":{"line":47,"column":59},"end":{"line":58,"column":9}},"line":47},"17":{"name":"(anonymous_17)","decl":{"start":{"line":49,"column":37},"end":{"line":49,"column":38}},"loc":{"start":{"line":49,"column":51},"end":{"line":57,"column":13}},"line":49},"18":{"name":"(anonymous_18)","decl":{"start":{"line":60,"column":63},"end":{"line":60,"column":64}},"loc":{"start":{"line":60,"column":88},"end":{"line":86,"column":5}},"line":60},"19":{"name":"(anonymous_19)","decl":{"start":{"line":61,"column":47},"end":{"line":61,"column":48}},"loc":{"start":{"line":61,"column":59},"end":{"line":85,"column":9}},"line":61},"20":{"name":"(anonymous_20)","decl":{"start":{"line":63,"column":37},"end":{"line":63,"column":38}},"loc":{"start":{"line":63,"column":51},"end":{"line":84,"column":13}},"line":63},"21":{"name":"(anonymous_21)","decl":{"start":{"line":65,"column":26},"end":{"line":65,"column":27}},"loc":{"start":{"line":65,"column":45},"end":{"line":73,"column":17}},"line":65},"22":{"name":"(anonymous_22)","decl":{"start":{"line":74,"column":27},"end":{"line":74,"column":28}},"loc":{"start":{"line":74,"column":44},"end":{"line":82,"column":17}},"line":74}},"branchMap":{"0":{"loc":{"start":{"line":2,"column":16},"end":{"line":9,"column":1}},"type":"binary-expr","locations":[{"start":{"line":2,"column":17},"end":{"line":2,"column":21}},{"start":{"line":2,"column":25},"end":{"line":2,"column":39}},{"start":{"line":2,"column":44},"end":{"line":9,"column":1}}],"line":2},"1":{"loc":{"start":{"line":3,"column":16},"end":{"line":3,"column":34}},"type":"binary-expr","locations":[{"start":{"line":3,"column":16},"end":{"line":3,"column":17}},{"start":{"line":3,"column":22},"end":{"line":3,"column":33}}],"line":3},"2":{"loc":{"start":{"line":6,"column":32},"end":{"line":6,"column":148}},"type":"cond-expr","locations":[{"start":{"line":6,"column":46},"end":{"line":6,"column":67}},{"start":{"line":6,"column":70},"end":{"line":6,"column":148}}],"line":6},"3":{"loc":{"start":{"line":7,"column":51},"end":{"line":7,"column":67}},"type":"binary-expr","locations":[{"start":{"line":7,"column":51},"end":{"line":7,"column":61}},{"start":{"line":7,"column":65},"end":{"line":7,"column":67}}],"line":7},"4":{"loc":{"start":{"line":10,"column":18},"end":{"line":36,"column":1}},"type":"binary-expr","locations":[{"start":{"line":10,"column":19},"end":{"line":10,"column":23}},{"start":{"line":10,"column":27},"end":{"line":10,"column":43}},{"start":{"line":10,"column":48},"end":{"line":36,"column":1}}],"line":10},"5":{"loc":{"start":{"line":11,"column":43},"end":{"line":11,"column":68}},"type":"if","locations":[{"start":{"line":11,"column":43},"end":{"line":11,"column":68}},{"start":{"line":11,"column":43},"end":{"line":11,"column":68}}],"line":11},"6":{"loc":{"start":{"line":12,"column":71},"end":{"line":12,"column":153}},"type":"binary-expr","locations":[{"start":{"line":12,"column":71},"end":{"line":12,"column":99}},{"start":{"line":12,"column":104},"end":{"line":12,"column":152}}],"line":12},"7":{"loc":{"start":{"line":15,"column":8},"end":{"line":15,"column":70}},"type":"if","locations":[{"start":{"line":15,"column":8},"end":{"line":15,"column":70}},{"start":{"line":15,"column":8},"end":{"line":15,"column":70}}],"line":15},"8":{"loc":{"start":{"line":17,"column":12},"end":{"line":17,"column":127}},"type":"if","locations":[{"start":{"line":17,"column":12},"end":{"line":17,"column":127}},{"start":{"line":17,"column":12},"end":{"line":17,"column":127}}],"line":17},"9":{"loc":{"start":{"line":17,"column":23},"end":{"line":17,"column":116}},"type":"binary-expr","locations":[{"start":{"line":17,"column":23},"end":{"line":17,"column":24}},{"start":{"line":17,"column":29},"end":{"line":17,"column":83}},{"start":{"line":17,"column":88},"end":{"line":17,"column":116}}],"line":17},"10":{"loc":{"start":{"line":17,"column":35},"end":{"line":17,"column":82}},"type":"cond-expr","locations":[{"start":{"line":17,"column":47},"end":{"line":17,"column":55}},{"start":{"line":17,"column":58},"end":{"line":17,"column":82}}],"line":17},"11":{"loc":{"start":{"line":17,"column":58},"end":{"line":17,"column":82}},"type":"cond-expr","locations":[{"start":{"line":17,"column":66},"end":{"line":17,"column":73}},{"start":{"line":17,"column":76},"end":{"line":17,"column":82}}],"line":17},"12":{"loc":{"start":{"line":18,"column":12},"end":{"line":18,"column":44}},"type":"if","locations":[{"start":{"line":18,"column":12},"end":{"line":18,"column":44}},{"start":{"line":18,"column":12},"end":{"line":18,"column":44}}],"line":18},"13":{"loc":{"start":{"line":19,"column":12},"end":{"line":31,"column":13}},"type":"switch","locations":[{"start":{"line":20,"column":16},"end":{"line":20,"column":23}},{"start":{"line":20,"column":24},"end":{"line":20,"column":46}},{"start":{"line":21,"column":16},"end":{"line":21,"column":72}},{"start":{"line":22,"column":16},"end":{"line":22,"column":65}},{"start":{"line":23,"column":16},"end":{"line":23,"column":65}},{"start":{"line":24,"column":16},"end":{"line":30,"column":43}}],"line":19},"14":{"loc":{"start":{"line":25,"column":20},"end":{"line":25,"column":128}},"type":"if","locations":[{"start":{"line":25,"column":20},"end":{"line":25,"column":128}},{"start":{"line":25,"column":20},"end":{"line":25,"column":128}}],"line":25},"15":{"loc":{"start":{"line":25,"column":24},"end":{"line":25,"column":106}},"type":"binary-expr","locations":[{"start":{"line":25,"column":24},"end":{"line":25,"column":74}},{"start":{"line":25,"column":79},"end":{"line":25,"column":90}},{"start":{"line"
[...]
7},"end":{"line":5,"column":25}},"loc":{"start":{"line":5,"column":33},"end":{"line":5,"column":102}},"line":5},"4":{"name":"step","decl":{"start":{"line":6,"column":17},"end":{"line":6,"column":21}},"loc":{"start":{"line":6,"column":30},"end":{"line":6,"column":151}},"line":6},"5":{"name":"(anonymous_5)","decl":{"start":{"line":6,"column":76},"end":{"line":6,"column":77}},"loc":{"start":{"line":6,"column":95},"end":{"line":6,"column":121}},"line":6},"6":{"name":"(anonymous_6)","decl":{"start":{"line":10,"column":48},"end":{"line":10,"column":49}},"loc":{"start":{"line":10,"column":73},"end":{"line":36,"column":1}},"line":10},"7":{"name":"(anonymous_7)","decl":{"start":{"line":11,"column":30},"end":{"line":11,"column":31}},"loc":{"start":{"line":11,"column":41},"end":{"line":11,"column":83}},"line":11},"8":{"name":"(anonymous_8)","decl":{"start":{"line":12,"column":125},"end":{"line":12,"column":126}},"loc":{"start":{"line":12,"column":136},"end":{"line":12,"column":152}},"line":12},"9":{"name":"verb","decl":{"start":{"line":13,"column":13},"end":{"line":13,"column":17}},"loc":{"start":{"line":13,"column":21},"end":{"line":13,"column":70}},"line":13},"10":{"name":"(anonymous_10)","decl":{"start":{"line":13,"column":30},"end":{"line":13,"column":31}},"loc":{"start":{"line":13,"column":43},"end":{"line":13,"column":67}},"line":13},"11":{"name":"step","decl":{"start":{"line":14,"column":13},"end":{"line":14,"column":17}},"loc":{"start":{"line":14,"column":22},"end":{"line":35,"column":5}},"line":14},"12":{"name":"(anonymous_12)","decl":{"start":{"line":41,"column":18},"end":{"line":41,"column":19}},"loc":{"start":{"line":41,"column":30},"end":{"line":250,"column":1}},"line":41},"13":{"name":"CacheStore","decl":{"start":{"line":42,"column":13},"end":{"line":42,"column":23}},"loc":{"start":{"line":42,"column":26},"end":{"line":43,"column":5}},"line":42},"14":{"name":"(anonymous_14)","decl":{"start":{"line":44,"column":39},"end":{"line":44,"column":40}},"loc":{"start":{"line":44,"column":89},"end":{"line":108,"column":5}},"line":44},"15":{"name":"(anonymous_15)","decl":{"start":{"line":46,"column":47},"end":{"line":46,"column":48}},"loc":{"start":{"line":46,"column":59},"end":{"line":107,"column":9}},"line":46},"16":{"name":"(anonymous_16)","decl":{"start":{"line":49,"column":37},"end":{"line":49,"column":38}},"loc":{"start":{"line":49,"column":51},"end":{"line":106,"column":13}},"line":49},"17":{"name":"(anonymous_17)","decl":{"start":{"line":50,"column":40},"end":{"line":50,"column":41}},"loc":{"start":{"line":50,"column":67},"end":{"line":104,"column":17}},"line":50},"18":{"name":"(anonymous_18)","decl":{"start":{"line":52,"column":30},"end":{"line":52,"column":31}},"loc":{"start":{"line":52,"column":49},"end":{"line":92,"column":21}},"line":52},"19":{"name":"(anonymous_19)","decl":{"start":{"line":57,"column":53},"end":{"line":57,"column":54}},"loc":{"start":{"line":57,"column":78},"end":{"line":76,"column":25}},"line":57},"20":{"name":"(anonymous_20)","decl":{"start":{"line":85,"column":38},"end":{"line":85,"column":39}},"loc":{"start":{"line":85,"column":58},"end":{"line":87,"column":29}},"line":85},"21":{"name":"(anonymous_21)","decl":{"start":{"line":88,"column":39},"end":{"line":88,"column":40}},"loc":{"start":{"line":88,"column":57},"end":{"line":90,"column":29}},"line":88},"22":{"name":"(anonymous_22)","decl":{"start":{"line":93,"column":31},"end":{"line":93,"column":32}},"loc":{"start":{"line":93,"column":43},"end":{"line":95,"column":21}},"line":93},"23":{"name":"(anonymous_23)","decl":{"start":{"line":109,"column":39},"end":{"line":109,"column":40}},"loc":{"start":{"line":109,"column":59},"end":{"line":111,"column":5}},"line":109},"24":{"name":"(anonymous_24)","decl":{"start":{"line":112,"column":57},"end":{"line":112,"column":58}},"loc":{"start":{"line":112,"column":93},"end":{"line":123,"column":5}},"line":112},"25":{"name":"(anonymous_25)","decl":{"start":{"line":113,"column":47},"end":{"line":113,"column":48}},"loc":{"start":{"line":113,"column":59},"end":{"line":122,"column":9}},"line":113},"26":{"name":"(anonymous_26)","decl":{"start":{"line":116,"column":37},"end":{"line":116,"column":38}},"loc":{"start":{"line":116,"column":51},"end":{"line":121,"column":13}},"line":116},"27":{"name":"(anonymous_27)","decl":{"start":{"line":117,"column":38},"end":{"line":117,"column":39}},"loc":{"start":{"line":117,"column":65},"end":{"line":119,"column":17}},"line":117},"28":{"name":"(anonymous_28)","decl":{"start":{"line":124,"column":50},"end":{"line":124,"column":51}},"loc":{"start":{"line":124,"column":103},"end":{"line":157,"column":5}},"line":124},"29":{"name":"(anonymous_29)","decl":{"start":{"line":128,"column":18},"end":{"line":128,"column":19}},"loc":{"start":{"line":128,"column":37},"end":{"line":153,"column":9}},"line":128},"30":{"name":"(anonymous_30)","decl":{"start":{"line":139,"column":22},"end":{"line":139,"column":23}},"loc":{"start":{"line":139,"column":34},"end":{"line":149,"column":13}},"line":139},"31":{"name":"(anonymous_31)","decl":{"start":{"line":150,"column":23},"end":{"line":150,"column":24}},"loc":{"start":{"line":150,"column":35},"end":{"line":152,"column":13}},"line":150},"32":{"name":"(anonymous_32)","decl":{"start":{"line":154,"column":19},"end":{"line":154,"column":20}},"loc":{"start":{"line":154,"column":31},"end":{"line":156,"column":9}},"line":154},"33":{"name":"(anonymous_33)","decl":{"start":{"line":158,"column":72},"end":{"line":158,"column":73}},"loc":{"start":{"line":158,"column":109},"end":{"line":170,"column":5}},"line":158},"34":{"name":"(anonymous_34)","decl":{"start":{"line":171,"column":49},"end":{"line":171,"column":50}},"loc":{"start":{"line":171,"column":73},"end":{"line":175,"column":5}},"line":171},"35":{"name":"(anonymous_35)","decl":{"start":{"line":176,"column":71},"end":{"line":176,"column":72}},"loc":{"start":{"line":176,"column":118},"end":{"line":211,"column":5}},"line":176},"36":{"name":"(anonymous_36)","decl":{"start":{"line":177,"column":47},"end":{"line":177,"column":48}},"loc":{"start":{"line":177,"column":59},"end":{"line":210,"column":9}},"line":177},"37":{"name":"(anonymous_37)","decl":{"start":{"line":180,"column":37},"end":{"line":180,"column":38}},"loc":{"start":{"line":180,"column":51},"end":{"line":209,"column":13}},"line":180},"38":{"name":"(anonymous_38)","decl":{"start":{"line":181,"column":38},"end":{"line":181,"column":39}},"loc":{"start":{"line":181,"column":65},"end":{"line":207,"column":17}},"line":181},"39":{"name":"(anonymous_39)","decl":{"start":{"line":194,"column":30},"end":{"line":194,"column":31}},"loc":{"start":{"line":194,"column":50},"end":{"line":203,"column":21}},"line":194},"40":{"name":"(anonymous_40)","decl":{"start":{"line":204,"column":31},"end":{"line":204,"column":32}},"loc":{"start":{"line":204,"column":49},"end":{"line":206,"column":21}},"line":204},"41":{"name":"(anonymous_41)","decl":{"start":{"line":212,"column":41},"end":{"line":212,"column":42}},"loc":{"start":{"line":212,"column":77},"end":{"line":244,"column":5}},"line":212},"42":{"name":"(anonymous_42)","decl":{"start":{"line":216,"column":40},"end":{"line":216,"column":41}},"loc":{"start":{"line":216,"column":60},"end":{"line":233,"column":9}},"line":216},"43":{"name":"(anonymous_43)","decl":{"start":{"line":219,"column":41},"end":{"line":219,"column":42}},"loc":{"start":{"line":219,"column":72},"end":{"line":232,"column":13}},"line":219},"44":{"name":"(anonymous_44)","decl":{"start":{"line":228,"column":53},"end":{"line":228,"column":54}},"loc":{"start":{"line":228,"column":77},"end":{"line":230,"column":21}},"line":228},"45":{"name":"(anonymous_45)","decl":{"start":{"line":236,"column":48},"end":{"line":236,"column":49}},"loc":{"start":{"line":236,"column":77},"end":{"line":243,"column":9}},"line":236},"46":{"name":"(anonymous_46)","decl":{"start":{"line":245,"column":48},"end":{"line":245,"column":49}},"loc":{"start":{"line":245,"column":75},"end":{"line":248,"column":5}},"line":245}},"branchMap":{"0":{"loc":{"start":{"line":2,"column":16},"end":{"line":9,"column":1}},"type":"binary-expr","locations":[{"start":{"line":2,"column":17},"end":{"line":2,"column":21}},{"start":{"line":2,"column":25},"end":{"line":2,"column":39}},{"start":{"line":2,"column":44},"end":{"line":9,"column":1}}],"line":2},"1":{"loc":{"start":{"line":3,"column":16},"end":{"line":3,"column":34}},"type":"binary-expr","locations":[{"start":{"line":3,"column":16},"end":{"line":3,"column":17}},{"start":{"line":3,"column":22},"end":{"line":3,"column":33}}],"line":3},"2":{"loc":{"start":{"line":6,"column":32},"end":{"line":6,"column":148}},"type":"cond-expr","locations":[{"start":{"line":6,"column":46},"end":{"line":6,"column":67}},{"start":{"line":6,"column":70},"end":{"line":6,"column":148}}],"line":6},"3":{"loc":{"start":{"line":7,"column":51},"end":{"line":7,"column":67}},"type":"binary-expr","locations":[{"start":{"line":7,"column":51},"end":{"line":7,"column":61}},{"start":{"line":7,"column":65},"end":{"line":7,"column":67}}],"line":7},"4":{"loc":{"start":{"line":10,"column":18},"end":{"line":36,"column":1}},"type":"binary-expr","locations":[{"start":{"line":10,"column":19},"end":{"line":10,"column":23}},{"start":{"line":10,"column":27},"end":{"line":10,"column":43}},{"start":{"line":10,"column":48},"end":{"line":36,"column":1}}],"line":10},"5":{"loc":{"start":{"line":11,"column":43},"end":{"line":11,"column":68}},"type":"if","locations":[{"start":{"line":11,"column":43},"end":{"line":11,"column":68}},{"start":{"line":11,"column":43},"end":{"line":11,"column":68}}],"line":11},"6":{"loc":{"start":{"line":12,"column":71},"end":{"line":12,"column":153}},"type":"binary-expr","locations":[{"start":{"line":12,"column":71},"end":{"line":12,"column":99}},{"start":{"line":12,"column":104},"end":{"line":12,"column":152}}],"line":12},"7":{"loc":{"start":{"line":15,"column":8},"end":{"line":15,"column":70}},"type":"if","locations":[{"start":{"line":15,"column":8},"end":{"line":15,"column":70}},{"start":{"line":15,"column":8},"end":{"line":15,"column":70}}],"line":15},"8":{"loc":{"start":{"line":17,"column":12},"end":{"line":17,"column":127}},"type":"if","locations":[{"start":{"line":17,"column":12},"end":{"line":17,"column":127}},{"start":{"line":17,"column":12},"end":{"line":17,"column":127}}],"line":17},"9":{"loc":{"start":{"line":17,"column":23},"end":{"line":17,"column":116}},"type":"binary-expr","locations":[{"start":{"line":17,"column":23},"end":{"line":17,"column":24}},{"start":{"line":17,"column":29},"end":{"line":17,"column":83}},{"start":{"line":17,"column":88},"end":{"line":17,"column":116}}],"line":17},"10":{"loc":{"start":{"line":17,"column":35},"end":{"line":17,"column":82}},"type":"cond-expr","locations":[{"start":{"line":17,"column":47},"end":{"line":17,"column":55}},{"start":{"line":17,"column":58},"end":{"line":17,"column":82}}],"line":17},"11":{"loc":{"start":{"line":17,"column":58},"end":{"line":17,"column":82}},"type":"cond-expr","locations":[{"start":{"line":17,"column":66},"end":{"line":17,"column":73}},{"start":{"line":17,"column":76},"end":{"line":17,"column":82}}],"line":17},"12":{"loc":{"start":{"line":18,"column":12},"end":{"line":18,"column":44}},"type":"if","locations":[{"start":{"line":18,"column":12},"end":{"line":18,"column":44}},{"start":{"line":18,"column":12},"end":{"line":18,"column":44}}],"line":18},"13":{"loc":{"start":{"line":19,"column":12},"end":{"line":31,"column":13}},"type":"switch","locations":[{"start":{"line":20,"column":16},"end":{"line":20,"column":23}},{"start":{"line":20,"column":24},"end":{"line":20,"column":46}},{"start":{"line":21,"column":16},"end":{"line":21,"column":72}},{"start":{"line":22,"column":16},"end":{"line":22,"column":65}},{"start":{"line":23,"column":16},"end":{"line":23,"column":65}},{"start":{"line":24,"column":16},"end":{"line":30,"column":43}}],"line":19},"14":{"loc":{"start":{"line":25,"column":20},"end":{"line":25,"column":128}},"type":"if","locations":[{"start":{"line":25,"column":20},"end":{"line":25,"column":128}},{"start":{"line":25,"column":20},"end":{"line":25,"column":128}}],"line":25},"15":{"loc":{"start":{"line":25,"column":24},"end":{"line":25,"column":106}},"type":"binary-expr","locations":[{"start":{"line":25,"column":24},"end":{"line":25,"column":74}},{"start":{"line":25,"column":79},"end":{"line":25,"column":90}},{"start":{"line":25,"column":94},"end":{"line":25,"column":105}}],"line":25},"16":{"loc":{"start":{"line":25,"column":42},"end":{"line":25,"column":73}},"type":"binary-expr","locations":[{"start":{"line":25,"column":42},"end":{"line":25,"column":54}},{"start":{"line":25,"column":58},"end":{"line":25,"column":73}}],"line":25},"17":{"loc":{"start":{"line":26,"column":20},"end":{"line":26,"column":106}},"type":"if","locations":[{"start":{"line":26,"column":20},"end":{"line":26,"column":106}},{"start":{"line":26,"column":20},"end":{"line":26,"column":106}}],"line":26},"18":{"loc":{"start":{"line":26,"column":24},"end":{"line":26,"column":77}},"type":"binary-expr","locations":[{"start":{"line":26,"column":24},"end":{"line":26,"column":35}},{"start":{"line":26,"column":40},"end":{"line":26,"column":42}},{"start":{"line":26,"column":47},"end":{"line":26,"column":59}},{"start":{"line":26,"column":63},"end":{"line":26,"column":75}}],"line":26},"19":{"loc":{"start":{"line":27,"column":20},"end":{"line":27,"column":89}},"type":"if","locations":[{"start":{"line":27,"column":20},"end":{"line":27,"column":89}},{"start":{"line":27,"column":20},"end":{"line":27,"column":89}}],"line":27},"20":{"loc":{"start":{"line":27,"column":24},"end":{"line":27,"column":53}},"type":"binary-expr","locations":[{"start":{"line":27,"column":24},"end":{"line":27,"column":35}},{"start":{"line":27,"column":39},"end":{"line":27,"column":53}}],"line":27},"21":{"loc":{"start":{"line":28,"column":20},"end":{"line":28,"column":87}},"type":"if","locations":[{"start":{"line":28,"column":20},"end":{"line":28,"column":87}},{"start":{"line":28,"column":20},"end":{"line":28,"column":87}}],"line":28},"22":{"loc":{"start":{"line":28,"column":24},"end":{"line":28,"column":43}},"type":"binary-expr","locations":[{"start":{"line":28,"column":24},"end":{"line":28,"column":25}},{"start":{"line":28,"column":29},"end":{"line":28,"column":43}}],"line":28},"23":{"loc":{"start":{"line":29,"column":20},"end":{"line":29,"column":42}},"type":"if","locations":[{"start":{"line":29,"column":20},"end":{"line":29,"column":42}},{"start":{"line":29,"column":20},"end":{"line":29,"column":42}}],"line":29},"24":{"loc":{"start":{"line":34,"column":8},"end":{"line":34,"column":35}},"type":"if","locations":[{"start":{"line":34,"column":8},"end":{"line":34,"column":35}},{"start":{"line":34,"column":8},"end":{"line":34,"column":35}}],"line":34},"25":{"loc":{"start":{"line":34,"column":52},"end":{"line":34,"column":74}},"type":"cond-expr","locations":[{"start":{"line":34,"column":60},"end":{"line":34,"column":65}},{"start":{"line":34,"column":68},"end":{"line":34,"column":74}}],"line":34},"26":{"loc":{"start":{"line":45,"column":8},"end":{"line":45,"column":49}},"type":"if","locations":[{"start":{"line":45,"column":8},"end":{"line":45,"column":49}},{"start":{"line":45,"column":8},"end":{"line":45,"column":49}}],"line":45},"27":{"loc":{"start":{"line":59,"column":28},"end":{"line":75,"column":29}},"type":"if","locations":[{"start":{"line":59,"column":28},"end":{"line":75,"column":29}},{"start":{"line":59,"column":28},"end":{"line":75,"column":29}}],"line":59},"28":{"loc":{"start":{"line":63,"column":32},"end":{"line":74,"column":33}},"type":"if","locations":[{"start":{"line":63,"column":32},"end":{"line":74,"column":33}},{"start":{"line":63,"column":32},"end":{"line":74,"column":33}}],"line":63},"29":{"loc":{"start":{"line":66,"column":36},"end":{"line":72,"column":37}},"type":"if","locations":[{"start":{"line":66,"column":36},"end":{"line":72,"column":37}},{"start":{"line":66,"column":36},"end":{"line":72,"column":37}}],"line":66},"30":{"loc":{"start":{"line":79,"column":24},"end":{"line":91,"column":25}},"type":"if","locations":[{"start":{"line":79,"column":24},"end":{"line":91,"column":25}},{"start":{"line":79,"column":24},"end":{"line":91,"column":25}}],"line":79},"31":{"loc":{"start":{"line":131,"column":12},"end":{"line":136,"column":13}},"type":"if","locations":[{"start":{"line":131,"column":12},"end":{"line":136,"column":13}},{"start":{"line":131,"column":12},"end":{"line":136,"column":13}}],"line":131},"32":{"loc":{"start":{"line":141,"column":16},"end":{"line":144,"column":17}},"type":"if","locations":[{"start":{"line":141,"column":16},"end":{"line":144,"column":17}},{"start":{"line":141,"column":16},"end":{"line":144,"column":17}}],"line":141},"33":{"loc":{"start":{"line":163,"column":12},"end":{"line":166,"column":13}},"type":"if","locations":[{"start":{"line":163,"column":12},"end":{"line":166,"column":13}},{"start":{"line":163,"column":12},"end":{"line":166,"column":13}}],"line":163},"34":{"loc":{"start":{"line":195,"column":24},"end":{"line":197,"column":25}},"type":"if","locations":[{"start":{"line":195,"column":24},"end":{"line":197,"column":25}},{"start":{"line":195,"column":24},"end":{"line":197,"column":25}}],"line":195},"35":{"loc":{"start":{"line":220,"column":16},"end":{"line":231,"column":17}},"type":"if","locations":[{"start":{"line":220,"column":16},"end":{"line":231,"column":17}},{"start":{"line":220,"column":16},"end":{"line":231,"column":17}}],"line":220},"36":{"loc":{"start":{"line":237,"column":12},"end":{"line":242,"column":13}},"type":"if","locations":[{"start":{"line":237,"column":12},"end":{"line":242,"column":13}},{"start":{"line":237,"column":12},"end":{"line":242,"column":13}}],"line":237}},"s":{"0":1,"1":0,"2":0,"3":0,"4":0,"5":0,"6":0,"7":0,"8":0,"9":0,"10":0,"11":1,"12":0,"13":0,"14":0,"15":0,"16":0,"17":0,"18":0,"19":0,"20":0,"21":0,"22":0,"23":0,"24":0,"25":0,"26":0,"27":0,"28":0,"29":0,"30":0,"31":0,"32":0,"33":0,"34":0,"35":0,"36":0,"37":0,"38":0,"39":0,"40":0,"41":0,"42":0,"43":0,"44":0,"45":0,"46":0,"47":0,"48":0,"49":0,"50":0,"51":0,"52":0,"53":0,"54":0,"55":0,"56":0,"57":0,"58":0,"59":0,"60":0,"61":0,"62":0,"63":0,"64":0,"65":1,"66":1,"67":1,"68":1,"69":1,"70":1,"71":0,"72":0,"73":0,"74":0,"75":0,"76":0,"77":0,"78":0,"79":0,"80":0,"81":0,"82":0,"83":0,"84":0,"85":0,"86":0,"87":0,"88":0,"89":0,"90":0,"91":0,"92":0,"93":0,"94":0,"95":0,"96":0,"97":1,"98":0,"99":1,"100":0,"101":0,"102":0,"103":0,"104":0,"105":0,"106":1,"107":0,"108":0,"109":0,"110":0,"111":0,"112":0,"113":0,"114":0,"115":0,"116":0,"117":0,"118":0,"119":0,"120":0,"121":0,"122":0,"123":0,"124":0,"125":1,"126":0,"127":0,"128":0,"129":0,"130":0,"131":0,"132":0,"133":0,"134":0,"135":1,"136":0,"137":0,"138":0,"139":1,"140":0,"141":0,"142":0,"143":0,"144":0,"145":0,"146":0,"147":0,"148":0,"149":0,"150":0,"151":0,"152":0,"153":0,"154":0,"155":0,"156":0,"157":0,"158":0,"159":0,"160":1,"161":0,"162":0,"163":0,"164":0,"165":0,"166":0,"167":0,"168":0,"169":0,"170":0,"171":0,"172":0,"173":0,"174":0,"175":0,"176":0,"177":0,"178":0,"179":0,"180":1,"181":0,"182":0,"183":1,"184":1},"f":{"0":0,"1":0,"2":0,"3":0,"4":0,"5":0,"6":0,"7":0,"8":0,"9":0,"10":0,"11":0,"12":1,"13":0,"14":0,"15":0,"16":0,"17":0,"18":0,"19":0,"20":0,"21":0,"22":0,"23":0,"24":0,"25":0,"26":0,"27":0,"28":0,"29":0,"30":0,"31":0,"32":0,"33":0,"34":0,"35":0,"36":0,"37":0,"38":0,"39":0,"40":0,"41":0,"42":0,"43":0,"44":0,"45":0,"46":0},"b":{"0":[1,1,1],"1":[0,0],"2":[0,0],"3":[0,0],"4":[1,1,1],"5":[0,0],"6":[0,0],"7":[0,0],"8":[0,0],"9":[0,0,0],"10":[0,0],"11":[0,0],"12":[0,0],"13":[0,0,0,0,0,0],"14":[0,0],"15":[0,0,0],"16":[0,0],"17":[0,0],"18":[0,0,0,0],"19":[0,0],"20":[0,0],"21":[0,0],"22":[0,0],"23":[0,0],"24":[0,0],"25":[0,0],"26":[0,0],"27":[0,0],"28":[0,0],"29":[0,0],"30":[0,0],"31":[0,0],"32":[0,0],"33":[0,0],"34":[0,0],"35":[0,0],"36":[0,0]},"_coverageSchema":"332fd63041d2c1bcb487cc26dd0d5f7d97098a6c","hash":"b96fd846f4284a4a3b71580a324bb085a3836d1b","contentHash":"222bf9a1ac9f5169a61413076df8a924_10.3.2"}}